{"C:\\Users\\semih\\OneDrive\\Masaüstü\\ss\\analiz.js": {"path":"C:\\Users\\semih\\OneDrive\\Masaüstü\\ss\\analiz.js","all":true,"statementMap":{"0":{"start":{"line":1,"column":0},"end":{"line":1,"column":53}},"1":{"start":{"line":2,"column":0},"end":{"line":2,"column":25}},"2":{"start":{"line":3,"column":0},"end":{"line":3,"column":77}},"3":{"start":{"line":4,"column":0},"end":{"line":4,"column":70}},"4":{"start":{"line":5,"column":0},"end":{"line":5,"column":0}},"5":{"start":{"line":6,"column":0},"end":{"line":6,"column":37}},"6":{"start":{"line":7,"column":0},"end":{"line":7,"column":45}},"7":{"start":{"line":8,"column":0},"end":{"line":8,"column":36}},"8":{"start":{"line":9,"column":0},"end":{"line":9,"column":72}},"9":{"start":{"line":10,"column":0},"end":{"line":10,"column":40}},"10":{"start":{"line":11,"column":0},"end":{"line":11,"column":0}},"11":{"start":{"line":12,"column":0},"end":{"line":12,"column":34}},"12":{"start":{"line":13,"column":0},"end":{"line":13,"column":42}},"13":{"start":{"line":14,"column":0},"end":{"line":14,"column":43}},"14":{"start":{"line":15,"column":0},"end":{"line":15,"column":48}},"15":{"start":{"line":16,"column":0},"end":{"line":16,"column":64}},"16":{"start":{"line":17,"column":0},"end":{"line":17,"column":49}},"17":{"start":{"line":18,"column":0},"end":{"line":18,"column":17}},"18":{"start":{"line":19,"column":0},"end":{"line":19,"column":15}},"19":{"start":{"line":20,"column":0},"end":{"line":20,"column":11}},"20":{"start":{"line":21,"column":0},"end":{"line":21,"column":7}},"21":{"start":{"line":22,"column":0},"end":{"line":22,"column":0}},"22":{"start":{"line":23,"column":0},"end":{"line":23,"column":36}},"23":{"start":{"line":24,"column":0},"end":{"line":24,"column":55}},"24":{"start":{"line":25,"column":0},"end":{"line":25,"column":55}},"25":{"start":{"line":26,"column":0},"end":{"line":26,"column":0}},"26":{"start":{"line":27,"column":0},"end":{"line":27,"column":49}},"27":{"start":{"line":28,"column":0},"end":{"line":28,"column":38}},"28":{"start":{"line":29,"column":0},"end":{"line":29,"column":72}},"29":{"start":{"line":30,"column":0},"end":{"line":30,"column":0}},"30":{"start":{"line":31,"column":0},"end":{"line":31,"column":19}},"31":{"start":{"line":32,"column":0},"end":{"line":32,"column":43}},"32":{"start":{"line":33,"column":0},"end":{"line":33,"column":51}},"33":{"start":{"line":34,"column":0},"end":{"line":34,"column":37}},"34":{"start":{"line":35,"column":0},"end":{"line":35,"column":60}},"35":{"start":{"line":36,"column":0},"end":{"line":36,"column":36}},"36":{"start":{"line":37,"column":0},"end":{"line":37,"column":38}},"37":{"start":{"line":38,"column":0},"end":{"line":38,"column":43}},"38":{"start":{"line":39,"column":0},"end":{"line":39,"column":15}},"39":{"start":{"line":40,"column":0},"end":{"line":40,"column":9}},"40":{"start":{"line":41,"column":0},"end":{"line":41,"column":7}},"41":{"start":{"line":42,"column":0},"end":{"line":42,"column":0}},"42":{"start":{"line":43,"column":0},"end":{"line":43,"column":41}},"43":{"start":{"line":44,"column":0},"end":{"line":44,"column":65}},"44":{"start":{"line":45,"column":0},"end":{"line":45,"column":64}},"45":{"start":{"line":46,"column":0},"end":{"line":46,"column":0}},"46":{"start":{"line":47,"column":0},"end":{"line":47,"column":23}},"47":{"start":{"line":48,"column":0},"end":{"line":48,"column":66}},"48":{"start":{"line":49,"column":0},"end":{"line":49,"column":32}},"49":{"start":{"line":50,"column":0},"end":{"line":50,"column":45}},"50":{"start":{"line":51,"column":0},"end":{"line":51,"column":79}},"51":{"start":{"line":52,"column":0},"end":{"line":52,"column":63}},"52":{"start":{"line":53,"column":0},"end":{"line":53,"column":33}},"53":{"start":{"line":54,"column":0},"end":{"line":54,"column":20}},"54":{"start":{"line":55,"column":0},"end":{"line":55,"column":35}},"55":{"start":{"line":56,"column":0},"end":{"line":56,"column":13}},"56":{"start":{"line":57,"column":0},"end":{"line":57,"column":11}},"57":{"start":{"line":58,"column":0},"end":{"line":58,"column":7}},"58":{"start":{"line":59,"column":0},"end":{"line":59,"column":0}},"59":{"start":{"line":60,"column":0},"end":{"line":60,"column":30}},"60":{"start":{"line":61,"column":0},"end":{"line":61,"column":31}},"61":{"start":{"line":62,"column":0},"end":{"line":62,"column":71}},"62":{"start":{"line":63,"column":0},"end":{"line":63,"column":75}},"63":{"start":{"line":64,"column":0},"end":{"line":64,"column":79}},"64":{"start":{"line":65,"column":0},"end":{"line":65,"column":71}},"65":{"start":{"line":66,"column":0},"end":{"line":66,"column":0}},"66":{"start":{"line":67,"column":0},"end":{"line":67,"column":52}},"67":{"start":{"line":68,"column":0},"end":{"line":68,"column":100}},"68":{"start":{"line":69,"column":0},"end":{"line":69,"column":19}},"69":{"start":{"line":70,"column":0},"end":{"line":70,"column":9}},"70":{"start":{"line":71,"column":0},"end":{"line":71,"column":0}},"71":{"start":{"line":72,"column":0},"end":{"line":72,"column":52}},"72":{"start":{"line":73,"column":0},"end":{"line":73,"column":46}},"73":{"start":{"line":74,"column":0},"end":{"line":74,"column":55}},"74":{"start":{"line":75,"column":0},"end":{"line":75,"column":0}},"75":{"start":{"line":76,"column":0},"end":{"line":76,"column":25}},"76":{"start":{"line":77,"column":0},"end":{"line":77,"column":24}},"77":{"start":{"line":78,"column":0},"end":{"line":78,"column":16}},"78":{"start":{"line":79,"column":0},"end":{"line":79,"column":25}},"79":{"start":{"line":80,"column":0},"end":{"line":80,"column":53}},"80":{"start":{"line":81,"column":0},"end":{"line":81,"column":11}},"81":{"start":{"line":82,"column":0},"end":{"line":82,"column":5}},"82":{"start":{"line":83,"column":0},"end":{"line":83,"column":0}},"83":{"start":{"line":84,"column":0},"end":{"line":84,"column":32}},"84":{"start":{"line":85,"column":0},"end":{"line":85,"column":33}},"85":{"start":{"line":86,"column":0},"end":{"line":86,"column":77}},"86":{"start":{"line":87,"column":0},"end":{"line":87,"column":81}},"87":{"start":{"line":88,"column":0},"end":{"line":88,"column":85}},"88":{"start":{"line":89,"column":0},"end":{"line":89,"column":77}},"89":{"start":{"line":90,"column":0},"end":{"line":90,"column":0}},"90":{"start":{"line":91,"column":0},"end":{"line":91,"column":52}},"91":{"start":{"line":92,"column":0},"end":{"line":92,"column":100}},"92":{"start":{"line":93,"column":0},"end":{"line":93,"column":19}},"93":{"start":{"line":94,"column":0},"end":{"line":94,"column":9}},"94":{"start":{"line":95,"column":0},"end":{"line":95,"column":0}},"95":{"start":{"line":96,"column":0},"end":{"line":96,"column":52}},"96":{"start":{"line":97,"column":0},"end":{"line":97,"column":46}},"97":{"start":{"line":98,"column":0},"end":{"line":98,"column":55}},"98":{"start":{"line":99,"column":0},"end":{"line":99,"column":0}},"99":{"start":{"line":100,"column":0},"end":{"line":100,"column":25}},"100":{"start":{"line":101,"column":0},"end":{"line":101,"column":24}},"101":{"start":{"line":102,"column":0},"end":{"line":102,"column":16}},"102":{"start":{"line":103,"column":0},"end":{"line":103,"column":25}},"103":{"start":{"line":104,"column":0},"end":{"line":104,"column":53}},"104":{"start":{"line":105,"column":0},"end":{"line":105,"column":11}},"105":{"start":{"line":106,"column":0},"end":{"line":106,"column":5}},"106":{"start":{"line":107,"column":0},"end":{"line":107,"column":0}},"107":{"start":{"line":108,"column":0},"end":{"line":108,"column":36}},"108":{"start":{"line":109,"column":0},"end":{"line":109,"column":40}},"109":{"start":{"line":110,"column":0},"end":{"line":110,"column":99}},"110":{"start":{"line":111,"column":0},"end":{"line":111,"column":82}},"111":{"start":{"line":112,"column":0},"end":{"line":112,"column":100}},"112":{"start":{"line":113,"column":0},"end":{"line":113,"column":96}},"113":{"start":{"line":114,"column":0},"end":{"line":114,"column":0}},"114":{"start":{"line":115,"column":0},"end":{"line":115,"column":47}},"115":{"start":{"line":116,"column":0},"end":{"line":116,"column":63}},"116":{"start":{"line":117,"column":0},"end":{"line":117,"column":5}},"117":{"start":{"line":118,"column":0},"end":{"line":118,"column":0}},"118":{"start":{"line":119,"column":0},"end":{"line":119,"column":25}},"119":{"start":{"line":120,"column":0},"end":{"line":120,"column":75}},"120":{"start":{"line":121,"column":0},"end":{"line":121,"column":75}},"121":{"start":{"line":122,"column":0},"end":{"line":122,"column":75}},"122":{"start":{"line":123,"column":0},"end":{"line":123,"column":0}},"123":{"start":{"line":124,"column":0},"end":{"line":124,"column":23}},"124":{"start":{"line":125,"column":0},"end":{"line":125,"column":44}},"125":{"start":{"line":126,"column":0},"end":{"line":126,"column":51}},"126":{"start":{"line":127,"column":0},"end":{"line":127,"column":97}},"127":{"start":{"line":128,"column":0},"end":{"line":128,"column":96}},"128":{"start":{"line":129,"column":0},"end":{"line":129,"column":132}},"129":{"start":{"line":130,"column":0},"end":{"line":130,"column":135}},"130":{"start":{"line":131,"column":0},"end":{"line":131,"column":140}},"131":{"start":{"line":132,"column":0},"end":{"line":132,"column":129}},"132":{"start":{"line":133,"column":0},"end":{"line":133,"column":77}},"133":{"start":{"line":134,"column":0},"end":{"line":134,"column":82}},"134":{"start":{"line":135,"column":0},"end":{"line":135,"column":10}},"135":{"start":{"line":136,"column":0},"end":{"line":136,"column":0}},"136":{"start":{"line":137,"column":0},"end":{"line":137,"column":42}},"137":{"start":{"line":138,"column":0},"end":{"line":138,"column":81}},"138":{"start":{"line":139,"column":0},"end":{"line":139,"column":29}},"139":{"start":{"line":140,"column":0},"end":{"line":140,"column":74}},"140":{"start":{"line":141,"column":0},"end":{"line":141,"column":0}},"141":{"start":{"line":142,"column":0},"end":{"line":142,"column":36}},"142":{"start":{"line":143,"column":0},"end":{"line":143,"column":32}},"143":{"start":{"line":144,"column":0},"end":{"line":144,"column":7}},"144":{"start":{"line":145,"column":0},"end":{"line":145,"column":0}},"145":{"start":{"line":146,"column":0},"end":{"line":146,"column":32}},"146":{"start":{"line":147,"column":0},"end":{"line":147,"column":38}},"147":{"start":{"line":148,"column":0},"end":{"line":148,"column":66}},"148":{"start":{"line":149,"column":0},"end":{"line":149,"column":29}},"149":{"start":{"line":150,"column":0},"end":{"line":150,"column":0}},"150":{"start":{"line":151,"column":0},"end":{"line":151,"column":83}},"151":{"start":{"line":152,"column":0},"end":{"line":152,"column":71}},"152":{"start":{"line":153,"column":0},"end":{"line":153,"column":0}},"153":{"start":{"line":154,"column":0},"end":{"line":154,"column":63}},"154":{"start":{"line":155,"column":0},"end":{"line":155,"column":41}},"155":{"start":{"line":156,"column":0},"end":{"line":156,"column":45}},"156":{"start":{"line":157,"column":0},"end":{"line":157,"column":11}},"157":{"start":{"line":158,"column":0},"end":{"line":158,"column":0}},"158":{"start":{"line":159,"column":0},"end":{"line":159,"column":47}},"159":{"start":{"line":160,"column":0},"end":{"line":160,"column":52}},"160":{"start":{"line":161,"column":0},"end":{"line":161,"column":28}},"161":{"start":{"line":162,"column":0},"end":{"line":162,"column":77}},"162":{"start":{"line":163,"column":0},"end":{"line":163,"column":38}},"163":{"start":{"line":164,"column":0},"end":{"line":164,"column":38}},"164":{"start":{"line":165,"column":0},"end":{"line":165,"column":40}},"165":{"start":{"line":166,"column":0},"end":{"line":166,"column":39}},"166":{"start":{"line":167,"column":0},"end":{"line":167,"column":40}},"167":{"start":{"line":168,"column":0},"end":{"line":168,"column":37}},"168":{"start":{"line":169,"column":0},"end":{"line":169,"column":48}},"169":{"start":{"line":170,"column":0},"end":{"line":170,"column":52}},"170":{"start":{"line":171,"column":0},"end":{"line":171,"column":20}},"171":{"start":{"line":172,"column":0},"end":{"line":172,"column":88}},"172":{"start":{"line":173,"column":0},"end":{"line":173,"column":52}},"173":{"start":{"line":174,"column":0},"end":{"line":174,"column":29}},"174":{"start":{"line":175,"column":0},"end":{"line":175,"column":21}},"175":{"start":{"line":176,"column":0},"end":{"line":176,"column":14}},"176":{"start":{"line":177,"column":0},"end":{"line":177,"column":34}},"177":{"start":{"line":178,"column":0},"end":{"line":178,"column":7}},"178":{"start":{"line":179,"column":0},"end":{"line":179,"column":0}},"179":{"start":{"line":180,"column":0},"end":{"line":180,"column":25}},"180":{"start":{"line":181,"column":0},"end":{"line":181,"column":44}},"181":{"start":{"line":182,"column":0},"end":{"line":182,"column":5}},"182":{"start":{"line":183,"column":0},"end":{"line":183,"column":0}},"183":{"start":{"line":184,"column":0},"end":{"line":184,"column":23}},"184":{"start":{"line":185,"column":0},"end":{"line":185,"column":38}},"185":{"start":{"line":186,"column":0},"end":{"line":186,"column":76}},"186":{"start":{"line":187,"column":0},"end":{"line":187,"column":73}},"187":{"start":{"line":188,"column":0},"end":{"line":188,"column":8}},"188":{"start":{"line":189,"column":0},"end":{"line":189,"column":36}},"189":{"start":{"line":190,"column":0},"end":{"line":190,"column":50}},"190":{"start":{"line":191,"column":0},"end":{"line":191,"column":19}},"191":{"start":{"line":192,"column":0},"end":{"line":192,"column":9}},"192":{"start":{"line":193,"column":0},"end":{"line":193,"column":0}},"193":{"start":{"line":194,"column":0},"end":{"line":194,"column":47}},"194":{"start":{"line":195,"column":0},"end":{"line":195,"column":0}},"195":{"start":{"line":196,"column":0},"end":{"line":196,"column":96}},"196":{"start":{"line":197,"column":0},"end":{"line":197,"column":56}},"197":{"start":{"line":198,"column":0},"end":{"line":198,"column":0}},"198":{"start":{"line":199,"column":0},"end":{"line":199,"column":33}},"199":{"start":{"line":200,"column":0},"end":{"line":200,"column":29}},"200":{"start":{"line":201,"column":0},"end":{"line":201,"column":37}},"201":{"start":{"line":202,"column":0},"end":{"line":202,"column":9}},"202":{"start":{"line":203,"column":0},"end":{"line":203,"column":0}},"203":{"start":{"line":204,"column":0},"end":{"line":204,"column":41}},"204":{"start":{"line":205,"column":0},"end":{"line":205,"column":25}},"205":{"start":{"line":206,"column":0},"end":{"line":206,"column":19}},"206":{"start":{"line":207,"column":0},"end":{"line":207,"column":31}},"207":{"start":{"line":208,"column":0},"end":{"line":208,"column":27}},"208":{"start":{"line":209,"column":0},"end":{"line":209,"column":21}},"209":{"start":{"line":210,"column":0},"end":{"line":210,"column":37}},"210":{"start":{"line":211,"column":0},"end":{"line":211,"column":37}},"211":{"start":{"line":212,"column":0},"end":{"line":212,"column":47}},"212":{"start":{"line":213,"column":0},"end":{"line":213,"column":67}},"213":{"start":{"line":214,"column":0},"end":{"line":214,"column":39}},"214":{"start":{"line":215,"column":0},"end":{"line":215,"column":56}},"215":{"start":{"line":216,"column":0},"end":{"line":216,"column":49}},"216":{"start":{"line":217,"column":0},"end":{"line":217,"column":44}},"217":{"start":{"line":218,"column":0},"end":{"line":218,"column":39}},"218":{"start":{"line":219,"column":0},"end":{"line":219,"column":44}},"219":{"start":{"line":220,"column":0},"end":{"line":220,"column":37}},"220":{"start":{"line":221,"column":0},"end":{"line":221,"column":34}},"221":{"start":{"line":222,"column":0},"end":{"line":222,"column":21}},"222":{"start":{"line":223,"column":0},"end":{"line":223,"column":17}},"223":{"start":{"line":224,"column":0},"end":{"line":224,"column":14}},"224":{"start":{"line":225,"column":0},"end":{"line":225,"column":22}},"225":{"start":{"line":226,"column":0},"end":{"line":226,"column":33}},"226":{"start":{"line":227,"column":0},"end":{"line":227,"column":43}},"227":{"start":{"line":228,"column":0},"end":{"line":228,"column":26}},"228":{"start":{"line":229,"column":0},"end":{"line":229,"column":28}},"229":{"start":{"line":230,"column":0},"end":{"line":230,"column":38}},"230":{"start":{"line":231,"column":0},"end":{"line":231,"column":44}},"231":{"start":{"line":232,"column":0},"end":{"line":232,"column":31}},"232":{"start":{"line":233,"column":0},"end":{"line":233,"column":37}},"233":{"start":{"line":234,"column":0},"end":{"line":234,"column":60}},"234":{"start":{"line":235,"column":0},"end":{"line":235,"column":42}},"235":{"start":{"line":236,"column":0},"end":{"line":236,"column":26}},"236":{"start":{"line":237,"column":0},"end":{"line":237,"column":34}},"237":{"start":{"line":238,"column":0},"end":{"line":238,"column":36}},"238":{"start":{"line":239,"column":0},"end":{"line":239,"column":38}},"239":{"start":{"line":240,"column":0},"end":{"line":240,"column":25}},"240":{"start":{"line":241,"column":0},"end":{"line":241,"column":22}},"241":{"start":{"line":242,"column":0},"end":{"line":242,"column":29}},"242":{"start":{"line":243,"column":0},"end":{"line":243,"column":38}},"243":{"start":{"line":244,"column":0},"end":{"line":244,"column":22}},"244":{"start":{"line":245,"column":0},"end":{"line":245,"column":30}},"245":{"start":{"line":246,"column":0},"end":{"line":246,"column":62}},"246":{"start":{"line":247,"column":0},"end":{"line":247,"column":36}},"247":{"start":{"line":248,"column":0},"end":{"line":248,"column":37}},"248":{"start":{"line":249,"column":0},"end":{"line":249,"column":59}},"249":{"start":{"line":250,"column":0},"end":{"line":250,"column":26}},"250":{"start":{"line":251,"column":0},"end":{"line":251,"column":35}},"251":{"start":{"line":252,"column":0},"end":{"line":252,"column":37}},"252":{"start":{"line":253,"column":0},"end":{"line":253,"column":59}},"253":{"start":{"line":254,"column":0},"end":{"line":254,"column":26}},"254":{"start":{"line":255,"column":0},"end":{"line":255,"column":36}},"255":{"start":{"line":256,"column":0},"end":{"line":256,"column":40}},"256":{"start":{"line":257,"column":0},"end":{"line":257,"column":45}},"257":{"start":{"line":258,"column":0},"end":{"line":258,"column":36}},"258":{"start":{"line":259,"column":0},"end":{"line":259,"column":54}},"259":{"start":{"line":260,"column":0},"end":{"line":260,"column":72}},"260":{"start":{"line":261,"column":0},"end":{"line":261,"column":29}},"261":{"start":{"line":262,"column":0},"end":{"line":262,"column":25}},"262":{"start":{"line":263,"column":0},"end":{"line":263,"column":21}},"263":{"start":{"line":264,"column":0},"end":{"line":264,"column":18}},"264":{"start":{"line":265,"column":0},"end":{"line":265,"column":25}},"265":{"start":{"line":266,"column":0},"end":{"line":266,"column":24}},"266":{"start":{"line":267,"column":0},"end":{"line":267,"column":42}},"267":{"start":{"line":268,"column":0},"end":{"line":268,"column":31}},"268":{"start":{"line":269,"column":0},"end":{"line":269,"column":57}},"269":{"start":{"line":270,"column":0},"end":{"line":270,"column":45}},"270":{"start":{"line":271,"column":0},"end":{"line":271,"column":26}},"271":{"start":{"line":272,"column":0},"end":{"line":272,"column":32}},"272":{"start":{"line":273,"column":0},"end":{"line":273,"column":35}},"273":{"start":{"line":274,"column":0},"end":{"line":274,"column":64}},"274":{"start":{"line":275,"column":0},"end":{"line":275,"column":40}},"275":{"start":{"line":276,"column":0},"end":{"line":276,"column":30}},"276":{"start":{"line":277,"column":0},"end":{"line":277,"column":39}},"277":{"start":{"line":278,"column":0},"end":{"line":278,"column":25}},"278":{"start":{"line":279,"column":0},"end":{"line":279,"column":22}},"279":{"start":{"line":280,"column":0},"end":{"line":280,"column":24}},"280":{"start":{"line":281,"column":0},"end":{"line":281,"column":31}},"281":{"start":{"line":282,"column":0},"end":{"line":282,"column":42}},"282":{"start":{"line":283,"column":0},"end":{"line":283,"column":26}},"283":{"start":{"line":284,"column":0},"end":{"line":284,"column":32}},"284":{"start":{"line":285,"column":0},"end":{"line":285,"column":35}},"285":{"start":{"line":286,"column":0},"end":{"line":286,"column":64}},"286":{"start":{"line":287,"column":0},"end":{"line":287,"column":40}},"287":{"start":{"line":288,"column":0},"end":{"line":288,"column":30}},"288":{"start":{"line":289,"column":0},"end":{"line":289,"column":39}},"289":{"start":{"line":290,"column":0},"end":{"line":290,"column":25}},"290":{"start":{"line":291,"column":0},"end":{"line":291,"column":21}},"291":{"start":{"line":292,"column":0},"end":{"line":292,"column":18}},"292":{"start":{"line":293,"column":0},"end":{"line":293,"column":28}},"293":{"start":{"line":294,"column":0},"end":{"line":294,"column":35}},"294":{"start":{"line":295,"column":0},"end":{"line":295,"column":44}},"295":{"start":{"line":296,"column":0},"end":{"line":296,"column":18}},"296":{"start":{"line":297,"column":0},"end":{"line":297,"column":27}},"297":{"start":{"line":298,"column":0},"end":{"line":298,"column":27}},"298":{"start":{"line":299,"column":0},"end":{"line":299,"column":38}},"299":{"start":{"line":300,"column":0},"end":{"line":300,"column":21}},"300":{"start":{"line":301,"column":0},"end":{"line":301,"column":17}},"301":{"start":{"line":302,"column":0},"end":{"line":302,"column":13}},"302":{"start":{"line":303,"column":0},"end":{"line":303,"column":11}},"303":{"start":{"line":304,"column":0},"end":{"line":304,"column":5}},"304":{"start":{"line":305,"column":0},"end":{"line":305,"column":0}},"305":{"start":{"line":306,"column":0},"end":{"line":306,"column":29}},"306":{"start":{"line":307,"column":0},"end":{"line":307,"column":39}},"307":{"start":{"line":308,"column":0},"end":{"line":308,"column":71}},"308":{"start":{"line":309,"column":0},"end":{"line":309,"column":85}},"309":{"start":{"line":310,"column":0},"end":{"line":310,"column":71}},"310":{"start":{"line":311,"column":0},"end":{"line":311,"column":78}},"311":{"start":{"line":312,"column":0},"end":{"line":312,"column":36}},"312":{"start":{"line":313,"column":0},"end":{"line":313,"column":9}},"313":{"start":{"line":314,"column":0},"end":{"line":314,"column":6}},"314":{"start":{"line":315,"column":0},"end":{"line":315,"column":0}},"315":{"start":{"line":316,"column":0},"end":{"line":316,"column":33}},"316":{"start":{"line":317,"column":0},"end":{"line":317,"column":92}},"317":{"start":{"line":318,"column":0},"end":{"line":318,"column":0}},"318":{"start":{"line":319,"column":0},"end":{"line":319,"column":50}},"319":{"start":{"line":320,"column":0},"end":{"line":320,"column":28}},"320":{"start":{"line":321,"column":0},"end":{"line":321,"column":3}},"321":{"start":{"line":322,"column":0},"end":{"line":322,"column":0}},"322":{"start":{"line":323,"column":0},"end":{"line":323,"column":44}},"323":{"start":{"line":324,"column":0},"end":{"line":324,"column":33}},"324":{"start":{"line":325,"column":0},"end":{"line":325,"column":21}},"325":{"start":{"line":326,"column":0},"end":{"line":326,"column":20}},"326":{"start":{"line":327,"column":0},"end":{"line":327,"column":30}},"327":{"start":{"line":328,"column":0},"end":{"line":328,"column":22}},"328":{"start":{"line":329,"column":0},"end":{"line":329,"column":31}},"329":{"start":{"line":330,"column":0},"end":{"line":330,"column":28}},"330":{"start":{"line":331,"column":0},"end":{"line":331,"column":27}},"331":{"start":{"line":332,"column":0},"end":{"line":332,"column":27}},"332":{"start":{"line":333,"column":0},"end":{"line":333,"column":28}},"333":{"start":{"line":334,"column":0},"end":{"line":334,"column":32}},"334":{"start":{"line":335,"column":0},"end":{"line":335,"column":26}},"335":{"start":{"line":336,"column":0},"end":{"line":336,"column":25}},"336":{"start":{"line":337,"column":0},"end":{"line":337,"column":24}},"337":{"start":{"line":338,"column":0},"end":{"line":338,"column":10}},"338":{"start":{"line":339,"column":0},"end":{"line":339,"column":16}},"339":{"start":{"line":340,"column":0},"end":{"line":340,"column":35}},"340":{"start":{"line":341,"column":0},"end":{"line":341,"column":35}},"341":{"start":{"line":342,"column":0},"end":{"line":342,"column":32}},"342":{"start":{"line":343,"column":0},"end":{"line":343,"column":21}},"343":{"start":{"line":344,"column":0},"end":{"line":344,"column":30}},"344":{"start":{"line":345,"column":0},"end":{"line":345,"column":28}},"345":{"start":{"line":346,"column":0},"end":{"line":346,"column":29}},"346":{"start":{"line":347,"column":0},"end":{"line":347,"column":25}},"347":{"start":{"line":348,"column":0},"end":{"line":348,"column":23}},"348":{"start":{"line":349,"column":0},"end":{"line":349,"column":19}},"349":{"start":{"line":350,"column":0},"end":{"line":350,"column":10}},"350":{"start":{"line":351,"column":0},"end":{"line":351,"column":16}},"351":{"start":{"line":352,"column":0},"end":{"line":352,"column":27}},"352":{"start":{"line":353,"column":0},"end":{"line":353,"column":29}},"353":{"start":{"line":354,"column":0},"end":{"line":354,"column":31}},"354":{"start":{"line":355,"column":0},"end":{"line":355,"column":30}},"355":{"start":{"line":356,"column":0},"end":{"line":356,"column":34}},"356":{"start":{"line":357,"column":0},"end":{"line":357,"column":36}},"357":{"start":{"line":358,"column":0},"end":{"line":358,"column":21}},"358":{"start":{"line":359,"column":0},"end":{"line":359,"column":25}},"359":{"start":{"line":360,"column":0},"end":{"line":360,"column":43}},"360":{"start":{"line":361,"column":0},"end":{"line":361,"column":39}},"361":{"start":{"line":362,"column":0},"end":{"line":362,"column":10}},"362":{"start":{"line":363,"column":0},"end":{"line":363,"column":19}},"363":{"start":{"line":364,"column":0},"end":{"line":364,"column":32}},"364":{"start":{"line":365,"column":0},"end":{"line":365,"column":20}},"365":{"start":{"line":366,"column":0},"end":{"line":366,"column":43}},"366":{"start":{"line":367,"column":0},"end":{"line":367,"column":22}},"367":{"start":{"line":368,"column":0},"end":{"line":368,"column":22}},"368":{"start":{"line":369,"column":0},"end":{"line":369,"column":24}},"369":{"start":{"line":370,"column":0},"end":{"line":370,"column":31}},"370":{"start":{"line":371,"column":0},"end":{"line":371,"column":32}},"371":{"start":{"line":372,"column":0},"end":{"line":372,"column":23}},"372":{"start":{"line":373,"column":0},"end":{"line":373,"column":33}},"373":{"start":{"line":374,"column":0},"end":{"line":374,"column":10}},"374":{"start":{"line":375,"column":0},"end":{"line":375,"column":17}},"375":{"start":{"line":376,"column":0},"end":{"line":376,"column":29}},"376":{"start":{"line":377,"column":0},"end":{"line":377,"column":28}},"377":{"start":{"line":378,"column":0},"end":{"line":378,"column":31}},"378":{"start":{"line":379,"column":0},"end":{"line":379,"column":29}},"379":{"start":{"line":380,"column":0},"end":{"line":380,"column":22}},"380":{"start":{"line":381,"column":0},"end":{"line":381,"column":31}},"381":{"start":{"line":382,"column":0},"end":{"line":382,"column":28}},"382":{"start":{"line":383,"column":0},"end":{"line":383,"column":35}},"383":{"start":{"line":384,"column":0},"end":{"line":384,"column":30}},"384":{"start":{"line":385,"column":0},"end":{"line":385,"column":34}},"385":{"start":{"line":386,"column":0},"end":{"line":386,"column":10}},"386":{"start":{"line":387,"column":0},"end":{"line":387,"column":16}},"387":{"start":{"line":388,"column":0},"end":{"line":388,"column":27}},"388":{"start":{"line":389,"column":0},"end":{"line":389,"column":30}},"389":{"start":{"line":390,"column":0},"end":{"line":390,"column":34}},"390":{"start":{"line":391,"column":0},"end":{"line":391,"column":40}},"391":{"start":{"line":392,"column":0},"end":{"line":392,"column":36}},"392":{"start":{"line":393,"column":0},"end":{"line":393,"column":45}},"393":{"start":{"line":394,"column":0},"end":{"line":394,"column":46}},"394":{"start":{"line":395,"column":0},"end":{"line":395,"column":59}},"395":{"start":{"line":396,"column":0},"end":{"line":396,"column":45}},"396":{"start":{"line":397,"column":0},"end":{"line":397,"column":30}},"397":{"start":{"line":398,"column":0},"end":{"line":398,"column":29}},"398":{"start":{"line":399,"column":0},"end":{"line":399,"column":41}},"399":{"start":{"line":400,"column":0},"end":{"line":400,"column":10}},"400":{"start":{"line":401,"column":0},"end":{"line":401,"column":19}},"401":{"start":{"line":402,"column":0},"end":{"line":402,"column":30}},"402":{"start":{"line":403,"column":0},"end":{"line":403,"column":31}},"403":{"start":{"line":404,"column":0},"end":{"line":404,"column":30}},"404":{"start":{"line":405,"column":0},"end":{"line":405,"column":28}},"405":{"start":{"line":406,"column":0},"end":{"line":406,"column":30}},"406":{"start":{"line":407,"column":0},"end":{"line":407,"column":42}},"407":{"start":{"line":408,"column":0},"end":{"line":408,"column":41}},"408":{"start":{"line":409,"column":0},"end":{"line":409,"column":34}},"409":{"start":{"line":410,"column":0},"end":{"line":410,"column":34}},"410":{"start":{"line":411,"column":0},"end":{"line":411,"column":47}},"411":{"start":{"line":412,"column":0},"end":{"line":412,"column":36}},"412":{"start":{"line":413,"column":0},"end":{"line":413,"column":10}},"413":{"start":{"line":414,"column":0},"end":{"line":414,"column":18}},"414":{"start":{"line":415,"column":0},"end":{"line":415,"column":30}},"415":{"start":{"line":416,"column":0},"end":{"line":416,"column":30}},"416":{"start":{"line":417,"column":0},"end":{"line":417,"column":31}},"417":{"start":{"line":418,"column":0},"end":{"line":418,"column":30}},"418":{"start":{"line":419,"column":0},"end":{"line":419,"column":30}},"419":{"start":{"line":420,"column":0},"end":{"line":420,"column":28}},"420":{"start":{"line":421,"column":0},"end":{"line":421,"column":32}},"421":{"start":{"line":422,"column":0},"end":{"line":422,"column":30}},"422":{"start":{"line":423,"column":0},"end":{"line":423,"column":21}},"423":{"start":{"line":424,"column":0},"end":{"line":424,"column":24}},"424":{"start":{"line":425,"column":0},"end":{"line":425,"column":23}},"425":{"start":{"line":426,"column":0},"end":{"line":426,"column":10}},"426":{"start":{"line":427,"column":0},"end":{"line":427,"column":19}},"427":{"start":{"line":428,"column":0},"end":{"line":428,"column":30}},"428":{"start":{"line":429,"column":0},"end":{"line":429,"column":27}},"429":{"start":{"line":430,"column":0},"end":{"line":430,"column":28}},"430":{"start":{"line":431,"column":0},"end":{"line":431,"column":36}},"431":{"start":{"line":432,"column":0},"end":{"line":432,"column":30}},"432":{"start":{"line":433,"column":0},"end":{"line":433,"column":29}},"433":{"start":{"line":434,"column":0},"end":{"line":434,"column":33}},"434":{"start":{"line":435,"column":0},"end":{"line":435,"column":39}},"435":{"start":{"line":436,"column":0},"end":{"line":436,"column":29}},"436":{"start":{"line":437,"column":0},"end":{"line":437,"column":42}},"437":{"start":{"line":438,"column":0},"end":{"line":438,"column":29}},"438":{"start":{"line":439,"column":0},"end":{"line":439,"column":10}},"439":{"start":{"line":440,"column":0},"end":{"line":440,"column":20}},"440":{"start":{"line":441,"column":0},"end":{"line":441,"column":32}},"441":{"start":{"line":442,"column":0},"end":{"line":442,"column":33}},"442":{"start":{"line":443,"column":0},"end":{"line":443,"column":46}},"443":{"start":{"line":444,"column":0},"end":{"line":444,"column":29}},"444":{"start":{"line":445,"column":0},"end":{"line":445,"column":34}},"445":{"start":{"line":446,"column":0},"end":{"line":446,"column":32}},"446":{"start":{"line":447,"column":0},"end":{"line":447,"column":21}},"447":{"start":{"line":448,"column":0},"end":{"line":448,"column":33}},"448":{"start":{"line":449,"column":0},"end":{"line":449,"column":36}},"449":{"start":{"line":450,"column":0},"end":{"line":450,"column":35}},"450":{"start":{"line":451,"column":0},"end":{"line":451,"column":31}},"451":{"start":{"line":452,"column":0},"end":{"line":452,"column":32}},"452":{"start":{"line":453,"column":0},"end":{"line":453,"column":10}},"453":{"start":{"line":454,"column":0},"end":{"line":454,"column":20}},"454":{"start":{"line":455,"column":0},"end":{"line":455,"column":32}},"455":{"start":{"line":456,"column":0},"end":{"line":456,"column":36}},"456":{"start":{"line":457,"column":0},"end":{"line":457,"column":47}},"457":{"start":{"line":458,"column":0},"end":{"line":458,"column":34}},"458":{"start":{"line":459,"column":0},"end":{"line":459,"column":34}},"459":{"start":{"line":460,"column":0},"end":{"line":460,"column":31}},"460":{"start":{"line":461,"column":0},"end":{"line":461,"column":34}},"461":{"start":{"line":462,"column":0},"end":{"line":462,"column":28}},"462":{"start":{"line":463,"column":0},"end":{"line":463,"column":32}},"463":{"start":{"line":464,"column":0},"end":{"line":464,"column":36}},"464":{"start":{"line":465,"column":0},"end":{"line":465,"column":38}},"465":{"start":{"line":466,"column":0},"end":{"line":466,"column":45}},"466":{"start":{"line":467,"column":0},"end":{"line":467,"column":10}},"467":{"start":{"line":468,"column":0},"end":{"line":468,"column":20}},"468":{"start":{"line":469,"column":0},"end":{"line":469,"column":32}},"469":{"start":{"line":470,"column":0},"end":{"line":470,"column":32}},"470":{"start":{"line":471,"column":0},"end":{"line":471,"column":37}},"471":{"start":{"line":472,"column":0},"end":{"line":472,"column":39}},"472":{"start":{"line":473,"column":0},"end":{"line":473,"column":57}},"473":{"start":{"line":474,"column":0},"end":{"line":474,"column":53}},"474":{"start":{"line":475,"column":0},"end":{"line":475,"column":55}},"475":{"start":{"line":476,"column":0},"end":{"line":476,"column":51}},"476":{"start":{"line":477,"column":0},"end":{"line":477,"column":45}},"477":{"start":{"line":478,"column":0},"end":{"line":478,"column":43}},"478":{"start":{"line":479,"column":0},"end":{"line":479,"column":48}},"479":{"start":{"line":480,"column":0},"end":{"line":480,"column":42}},"480":{"start":{"line":481,"column":0},"end":{"line":481,"column":51}},"481":{"start":{"line":482,"column":0},"end":{"line":482,"column":48}},"482":{"start":{"line":483,"column":0},"end":{"line":483,"column":52}},"483":{"start":{"line":484,"column":0},"end":{"line":484,"column":50}},"484":{"start":{"line":485,"column":0},"end":{"line":485,"column":9}},"485":{"start":{"line":486,"column":0},"end":{"line":486,"column":6}},"486":{"start":{"line":487,"column":0},"end":{"line":487,"column":0}},"487":{"start":{"line":488,"column":0},"end":{"line":488,"column":31}},"488":{"start":{"line":489,"column":0},"end":{"line":489,"column":1}}},"s":{"0":0,"1":0,"2":0,"3":0,"4":0,"5":0,"6":0,"7":0,"8":0,"9":0,"10":0,"11":0,"12":0,"13":0,"14":0,"15":0,"16":0,"17":0,"18":0,"19":0,"20":0,"21":0,"22":0,"23":0,"24":0,"25":0,"26":0,"27":0,"28":0,"29":0,"30":0,"31":0,"32":0,"33":0,"34":0,"35":0,"36":0,"37":0,"38":0,"39":0,"40":0,"41":0,"42":0,"43":0,"44":0,"45":0,"46":0,"47":0,"48":0,"49":0,"50":0,"51":0,"52":0,"53":0,"54":0,"55":0,"56":0,"57":0,"58":0,"59":0,"60":0,"61":0,"62":0,"63":0,"64":0,"65":0,"66":0,"67":0,"68":0,"69":0,"70":0,"71":0,"72":0,"73":0,"74":0,"75":0,"76":0,"77":0,"78":0,"79":0,"80":0,"81":0,"82":0,"83":0,"84":0,"85":0,"86":0,"87":0,"88":0,"89":0,"90":0,"91":0,"92":0,"93":0,"94":0,"95":0,"96":0,"97":0,"98":0,"99":0,"100":0,"101":0,"102":0,"103":0,"104":0,"105":0,"106":0,"107":0,"108":0,"109":0,"110":0,"111":0,"112":0,"113":0,"114":0,"115":0,"116":0,"117":0,"118":0,"119":0,"120":0,"121":0,"122":0,"123":0,"124":0,"125":0,"126":0,"127":0,"128":0,"129":0,"130":0,"131":0,"132":0,"133":0,"134":0,"135":0,"136":0,"137":0,"138":0,"139":0,"140":0,"141":0,"142":0,"143":0,"144":0,"145":0,"146":0,"147":0,"148":0,"149":0,"150":0,"151":0,"152":0,"153":0,"154":0,"155":0,"156":0,"157":0,"158":0,"159":0,"160":0,"161":0,"162":0,"163":0,"164":0,"165":0,"166":0,"167":0,"168":0,"169":0,"170":0,"171":0,"172":0,"173":0,"174":0,"175":0,"176":0,"177":0,"178":0,"179":0,"180":0,"181":0,"182":0,"183":0,"184":0,"185":0,"186":0,"187":0,"188":0,"189":0,"190":0,"191":0,"192":0,"193":0,"194":0,"195":0,"196":0,"197":0,"198":0,"199":0,"200":0,"201":0,"202":0,"203":0,"204":0,"205":0,"206":0,"207":0,"208":0,"209":0,"210":0,"211":0,"212":0,"213":0,"214":0,"215":0,"216":0,"217":0,"218":0,"219":0,"220":0,"221":0,"222":0,"223":0,"224":0,"225":0,"226":0,"227":0,"228":0,"229":0,"230":0,"231":0,"232":0,"233":0,"234":0,"235":0,"236":0,"237":0,"238":0,"239":0,"240":0,"241":0,"242":0,"243":0,"244":0,"245":0,"246":0,"247":0,"248":0,"249":0,"250":0,"251":0,"252":0,"253":0,"254":0,"255":0,"256":0,"257":0,"258":0,"259":0,"260":0,"261":0,"262":0,"263":0,"264":0,"265":0,"266":0,"267":0,"268":0,"269":0,"270":0,"271":0,"272":0,"273":0,"274":0,"275":0,"276":0,"277":0,"278":0,"279":0,"280":0,"281":0,"282":0,"283":0,"284":0,"285":0,"286":0,"287":0,"288":0,"289":0,"290":0,"291":0,"292":0,"293":0,"294":0,"295":0,"296":0,"297":0,"298":0,"299":0,"300":0,"301":0,"302":0,"303":0,"304":0,"305":0,"306":0,"307":0,"308":0,"309":0,"310":0,"311":0,"312":0,"313":0,"314":0,"315":0,"316":0,"317":0,"318":0,"319":0,"320":0,"321":0,"322":0,"323":0,"324":0,"325":0,"326":0,"327":0,"328":0,"329":0,"330":0,"331":0,"332":0,"333":0,"334":0,"335":0,"336":0,"337":0,"338":0,"339":0,"340":0,"341":0,"342":0,"343":0,"344":0,"345":0,"346":0,"347":0,"348":0,"349":0,"350":0,"351":0,"352":0,"353":0,"354":0,"355":0,"356":0,"357":0,"358":0,"359":0,"360":0,"361":0,"362":0,"363":0,"364":0,"365":0,"366":0,"367":0,"368":0,"369":0,"370":0,"371":0,"372":0,"373":0,"374":0,"375":0,"376":0,"377":0,"378":0,"379":0,"380":0,"381":0,"382":0,"383":0,"384":0,"385":0,"386":0,"387":0,"388":0,"389":0,"390":0,"391":0,"392":0,"393":0,"394":0,"395":0,"396":0,"397":0,"398":0,"399":0,"400":0,"401":0,"402":0,"403":0,"404":0,"405":0,"406":0,"407":0,"408":0,"409":0,"410":0,"411":0,"412":0,"413":0,"414":0,"415":0,"416":0,"417":0,"418":0,"419":0,"420":0,"421":0,"422":0,"423":0,"424":0,"425":0,"426":0,"427":0,"428":0,"429":0,"430":0,"431":0,"432":0,"433":0,"434":0,"435":0,"436":0,"437":0,"438":0,"439":0,"440":0,"441":0,"442":0,"443":0,"444":0,"445":0,"446":0,"447":0,"448":0,"449":0,"450":0,"451":0,"452":0,"453":0,"454":0,"455":0,"456":0,"457":0,"458":0,"459":0,"460":0,"461":0,"462":0,"463":0,"464":0,"465":0,"466":0,"467":0,"468":0,"469":0,"470":0,"471":0,"472":0,"473":0,"474":0,"475":0,"476":0,"477":0,"478":0,"479":0,"480":0,"481":0,"482":0,"483":0,"484":0,"485":0,"486":0,"487":0,"488":0},"branchMap":{"0":{"type":"branch","line":1,"loc":{"start":{"line":1,"column":0},"end":{"line":489,"column":1}},"locations":[{"start":{"line":1,"column":0},"end":{"line":489,"column":1}}]}},"b":{"0":[0]},"fnMap":{"0":{"name":"(empty-report)","decl":{"start":{"line":1,"column":0},"end":{"line":489,"column":1}},"loc":{"start":{"line":1,"column":0},"end":{"line":489,"column":1}},"line":1}},"f":{"0":0}}
,"C:\\Users\\semih\\OneDrive\\Masaüstü\\ss\\board.js": {"path":"C:\\Users\\semih\\OneDrive\\Masaüstü\\ss\\board.js","all":true,"statementMap":{"0":{"start":{"line":1,"column":0},"end":{"line":1,"column":58}},"1":{"start":{"line":2,"column":0},"end":{"line":2,"column":28}},"2":{"start":{"line":3,"column":0},"end":{"line":3,"column":51}},"3":{"start":{"line":4,"column":0},"end":{"line":4,"column":61}},"4":{"start":{"line":5,"column":0},"end":{"line":5,"column":63}},"5":{"start":{"line":6,"column":0},"end":{"line":6,"column":67}},"6":{"start":{"line":7,"column":0},"end":{"line":7,"column":71}},"7":{"start":{"line":8,"column":0},"end":{"line":8,"column":68}},"8":{"start":{"line":9,"column":0},"end":{"line":9,"column":70}},"9":{"start":{"line":10,"column":0},"end":{"line":10,"column":58}},"10":{"start":{"line":11,"column":0},"end":{"line":11,"column":66}},"11":{"start":{"line":12,"column":0},"end":{"line":12,"column":68}},"12":{"start":{"line":13,"column":0},"end":{"line":13,"column":68}},"13":{"start":{"line":14,"column":0},"end":{"line":14,"column":66}},"14":{"start":{"line":15,"column":0},"end":{"line":15,"column":70}},"15":{"start":{"line":16,"column":0},"end":{"line":16,"column":75}},"16":{"start":{"line":17,"column":0},"end":{"line":17,"column":73}},"17":{"start":{"line":18,"column":0},"end":{"line":18,"column":63}},"18":{"start":{"line":19,"column":0},"end":{"line":19,"column":0}},"19":{"start":{"line":20,"column":0},"end":{"line":20,"column":31}},"20":{"start":{"line":21,"column":0},"end":{"line":21,"column":20}},"21":{"start":{"line":22,"column":0},"end":{"line":22,"column":30}},"22":{"start":{"line":23,"column":0},"end":{"line":23,"column":29}},"23":{"start":{"line":24,"column":0},"end":{"line":24,"column":28}},"24":{"start":{"line":25,"column":0},"end":{"line":25,"column":27}},"25":{"start":{"line":26,"column":0},"end":{"line":26,"column":26}},"26":{"start":{"line":27,"column":0},"end":{"line":27,"column":29}},"27":{"start":{"line":28,"column":0},"end":{"line":28,"column":29}},"28":{"start":{"line":29,"column":0},"end":{"line":29,"column":28}},"29":{"start":{"line":30,"column":0},"end":{"line":30,"column":22}},"30":{"start":{"line":31,"column":0},"end":{"line":31,"column":6}},"31":{"start":{"line":32,"column":0},"end":{"line":32,"column":0}},"32":{"start":{"line":33,"column":0},"end":{"line":33,"column":38}},"33":{"start":{"line":34,"column":0},"end":{"line":34,"column":29}},"34":{"start":{"line":35,"column":0},"end":{"line":35,"column":68}},"35":{"start":{"line":36,"column":0},"end":{"line":36,"column":28}},"36":{"start":{"line":37,"column":0},"end":{"line":37,"column":49}},"37":{"start":{"line":38,"column":0},"end":{"line":38,"column":28}},"38":{"start":{"line":39,"column":0},"end":{"line":39,"column":34}},"39":{"start":{"line":40,"column":0},"end":{"line":40,"column":9}},"40":{"start":{"line":41,"column":0},"end":{"line":41,"column":5}},"41":{"start":{"line":42,"column":0},"end":{"line":42,"column":0}},"42":{"start":{"line":43,"column":0},"end":{"line":43,"column":22}},"43":{"start":{"line":44,"column":0},"end":{"line":44,"column":29}},"44":{"start":{"line":45,"column":0},"end":{"line":45,"column":32}},"45":{"start":{"line":46,"column":0},"end":{"line":46,"column":76}},"46":{"start":{"line":47,"column":0},"end":{"line":47,"column":9}},"47":{"start":{"line":48,"column":0},"end":{"line":48,"column":5}},"48":{"start":{"line":49,"column":0},"end":{"line":49,"column":0}},"49":{"start":{"line":50,"column":0},"end":{"line":50,"column":22}},"50":{"start":{"line":51,"column":0},"end":{"line":51,"column":30}},"51":{"start":{"line":52,"column":0},"end":{"line":52,"column":30}},"52":{"start":{"line":53,"column":0},"end":{"line":53,"column":58}},"53":{"start":{"line":54,"column":0},"end":{"line":54,"column":74}},"54":{"start":{"line":55,"column":0},"end":{"line":55,"column":0}},"55":{"start":{"line":56,"column":0},"end":{"line":56,"column":32}},"56":{"start":{"line":57,"column":0},"end":{"line":57,"column":70}},"57":{"start":{"line":58,"column":0},"end":{"line":58,"column":63}},"58":{"start":{"line":59,"column":0},"end":{"line":59,"column":61}},"59":{"start":{"line":60,"column":0},"end":{"line":60,"column":51}},"60":{"start":{"line":61,"column":0},"end":{"line":61,"column":0}},"61":{"start":{"line":62,"column":0},"end":{"line":62,"column":34}},"62":{"start":{"line":63,"column":0},"end":{"line":63,"column":25}},"63":{"start":{"line":64,"column":0},"end":{"line":64,"column":5}},"64":{"start":{"line":65,"column":0},"end":{"line":65,"column":0}},"65":{"start":{"line":66,"column":0},"end":{"line":66,"column":33}},"66":{"start":{"line":67,"column":0},"end":{"line":67,"column":36}},"67":{"start":{"line":68,"column":0},"end":{"line":68,"column":40}},"68":{"start":{"line":69,"column":0},"end":{"line":69,"column":91}},"69":{"start":{"line":70,"column":0},"end":{"line":70,"column":11}},"70":{"start":{"line":71,"column":0},"end":{"line":71,"column":40}},"71":{"start":{"line":72,"column":0},"end":{"line":72,"column":91}},"72":{"start":{"line":73,"column":0},"end":{"line":73,"column":11}},"73":{"start":{"line":74,"column":0},"end":{"line":74,"column":39}},"74":{"start":{"line":75,"column":0},"end":{"line":75,"column":89}},"75":{"start":{"line":76,"column":0},"end":{"line":76,"column":11}},"76":{"start":{"line":77,"column":0},"end":{"line":77,"column":41}},"77":{"start":{"line":78,"column":0},"end":{"line":78,"column":93}},"78":{"start":{"line":79,"column":0},"end":{"line":79,"column":11}},"79":{"start":{"line":80,"column":0},"end":{"line":80,"column":5}},"80":{"start":{"line":81,"column":0},"end":{"line":81,"column":0}},"81":{"start":{"line":82,"column":0},"end":{"line":82,"column":27}},"82":{"start":{"line":83,"column":0},"end":{"line":83,"column":31}},"83":{"start":{"line":84,"column":0},"end":{"line":84,"column":57}},"84":{"start":{"line":85,"column":0},"end":{"line":85,"column":31}},"85":{"start":{"line":86,"column":0},"end":{"line":86,"column":34}},"86":{"start":{"line":87,"column":0},"end":{"line":87,"column":11}},"87":{"start":{"line":88,"column":0},"end":{"line":88,"column":5}},"88":{"start":{"line":89,"column":0},"end":{"line":89,"column":0}},"89":{"start":{"line":90,"column":0},"end":{"line":90,"column":27}},"90":{"start":{"line":91,"column":0},"end":{"line":91,"column":36}},"91":{"start":{"line":92,"column":0},"end":{"line":92,"column":56}},"92":{"start":{"line":93,"column":0},"end":{"line":93,"column":50}},"93":{"start":{"line":94,"column":0},"end":{"line":94,"column":8}},"94":{"start":{"line":95,"column":0},"end":{"line":95,"column":37}},"95":{"start":{"line":96,"column":0},"end":{"line":96,"column":32}},"96":{"start":{"line":97,"column":0},"end":{"line":97,"column":47}},"97":{"start":{"line":98,"column":0},"end":{"line":98,"column":46}},"98":{"start":{"line":99,"column":0},"end":{"line":99,"column":60}},"99":{"start":{"line":100,"column":0},"end":{"line":100,"column":0}},"100":{"start":{"line":101,"column":0},"end":{"line":101,"column":41}},"101":{"start":{"line":102,"column":0},"end":{"line":102,"column":38}},"102":{"start":{"line":103,"column":0},"end":{"line":103,"column":50}},"103":{"start":{"line":104,"column":0},"end":{"line":104,"column":16}},"104":{"start":{"line":105,"column":0},"end":{"line":105,"column":53}},"105":{"start":{"line":106,"column":0},"end":{"line":106,"column":9}},"106":{"start":{"line":107,"column":0},"end":{"line":107,"column":5}},"107":{"start":{"line":108,"column":0},"end":{"line":108,"column":0}},"108":{"start":{"line":109,"column":0},"end":{"line":109,"column":23}},"109":{"start":{"line":110,"column":0},"end":{"line":110,"column":27}},"110":{"start":{"line":111,"column":0},"end":{"line":111,"column":51}},"111":{"start":{"line":112,"column":0},"end":{"line":112,"column":32}},"112":{"start":{"line":113,"column":0},"end":{"line":113,"column":30}},"113":{"start":{"line":114,"column":0},"end":{"line":114,"column":0}},"114":{"start":{"line":115,"column":0},"end":{"line":115,"column":28}},"115":{"start":{"line":116,"column":0},"end":{"line":116,"column":60}},"116":{"start":{"line":117,"column":0},"end":{"line":117,"column":56}},"117":{"start":{"line":118,"column":0},"end":{"line":118,"column":0}},"118":{"start":{"line":119,"column":0},"end":{"line":119,"column":22}},"119":{"start":{"line":120,"column":0},"end":{"line":120,"column":54}},"120":{"start":{"line":121,"column":0},"end":{"line":121,"column":43}},"121":{"start":{"line":122,"column":0},"end":{"line":122,"column":39}},"122":{"start":{"line":123,"column":0},"end":{"line":123,"column":57}},"123":{"start":{"line":124,"column":0},"end":{"line":124,"column":0}},"124":{"start":{"line":125,"column":0},"end":{"line":125,"column":22}},"125":{"start":{"line":126,"column":0},"end":{"line":126,"column":53}},"126":{"start":{"line":127,"column":0},"end":{"line":127,"column":41}},"127":{"start":{"line":128,"column":0},"end":{"line":128,"column":8}},"128":{"start":{"line":129,"column":0},"end":{"line":129,"column":21}},"129":{"start":{"line":130,"column":0},"end":{"line":130,"column":52}},"130":{"start":{"line":131,"column":0},"end":{"line":131,"column":37}},"131":{"start":{"line":132,"column":0},"end":{"line":132,"column":66}},"132":{"start":{"line":133,"column":0},"end":{"line":133,"column":0}},"133":{"start":{"line":134,"column":0},"end":{"line":134,"column":23}},"134":{"start":{"line":135,"column":0},"end":{"line":135,"column":59}},"135":{"start":{"line":136,"column":0},"end":{"line":136,"column":44}},"136":{"start":{"line":137,"column":0},"end":{"line":137,"column":61}},"137":{"start":{"line":138,"column":0},"end":{"line":138,"column":51}},"138":{"start":{"line":139,"column":0},"end":{"line":139,"column":43}},"139":{"start":{"line":140,"column":0},"end":{"line":140,"column":49}},"140":{"start":{"line":141,"column":0},"end":{"line":141,"column":11}},"141":{"start":{"line":142,"column":0},"end":{"line":142,"column":0}},"142":{"start":{"line":143,"column":0},"end":{"line":143,"column":33}},"143":{"start":{"line":144,"column":0},"end":{"line":144,"column":38}},"144":{"start":{"line":145,"column":0},"end":{"line":145,"column":33}},"145":{"start":{"line":146,"column":0},"end":{"line":146,"column":34}},"146":{"start":{"line":147,"column":0},"end":{"line":147,"column":32}},"147":{"start":{"line":148,"column":0},"end":{"line":148,"column":0}},"148":{"start":{"line":149,"column":0},"end":{"line":149,"column":34}},"149":{"start":{"line":150,"column":0},"end":{"line":150,"column":37}},"150":{"start":{"line":151,"column":0},"end":{"line":151,"column":32}},"151":{"start":{"line":152,"column":0},"end":{"line":152,"column":9}},"152":{"start":{"line":153,"column":0},"end":{"line":153,"column":0}},"153":{"start":{"line":154,"column":0},"end":{"line":154,"column":36}},"154":{"start":{"line":155,"column":0},"end":{"line":155,"column":49}},"155":{"start":{"line":156,"column":0},"end":{"line":156,"column":36}},"156":{"start":{"line":157,"column":0},"end":{"line":157,"column":38}},"157":{"start":{"line":158,"column":0},"end":{"line":158,"column":13}},"158":{"start":{"line":159,"column":0},"end":{"line":159,"column":11}},"159":{"start":{"line":160,"column":0},"end":{"line":160,"column":5}},"160":{"start":{"line":161,"column":0},"end":{"line":161,"column":0}},"161":{"start":{"line":162,"column":0},"end":{"line":162,"column":27}},"162":{"start":{"line":163,"column":0},"end":{"line":163,"column":36}},"163":{"start":{"line":164,"column":0},"end":{"line":164,"column":70}},"164":{"start":{"line":165,"column":0},"end":{"line":165,"column":56}},"165":{"start":{"line":166,"column":0},"end":{"line":166,"column":25}},"166":{"start":{"line":167,"column":0},"end":{"line":167,"column":56}},"167":{"start":{"line":168,"column":0},"end":{"line":168,"column":5}},"168":{"start":{"line":169,"column":0},"end":{"line":169,"column":0}},"169":{"start":{"line":170,"column":0},"end":{"line":170,"column":30}},"170":{"start":{"line":171,"column":0},"end":{"line":171,"column":37}},"171":{"start":{"line":172,"column":0},"end":{"line":172,"column":51}},"172":{"start":{"line":173,"column":0},"end":{"line":173,"column":8}},"173":{"start":{"line":174,"column":0},"end":{"line":174,"column":44}},"174":{"start":{"line":175,"column":0},"end":{"line":175,"column":0}},"175":{"start":{"line":176,"column":0},"end":{"line":176,"column":35}},"176":{"start":{"line":177,"column":0},"end":{"line":177,"column":31}},"177":{"start":{"line":178,"column":0},"end":{"line":178,"column":29}},"178":{"start":{"line":179,"column":0},"end":{"line":179,"column":29}},"179":{"start":{"line":180,"column":0},"end":{"line":180,"column":50}},"180":{"start":{"line":181,"column":0},"end":{"line":181,"column":47}},"181":{"start":{"line":182,"column":0},"end":{"line":182,"column":40}},"182":{"start":{"line":183,"column":0},"end":{"line":183,"column":9}},"183":{"start":{"line":184,"column":0},"end":{"line":184,"column":0}},"184":{"start":{"line":185,"column":0},"end":{"line":185,"column":33}},"185":{"start":{"line":186,"column":0},"end":{"line":186,"column":31}},"186":{"start":{"line":187,"column":0},"end":{"line":187,"column":36}},"187":{"start":{"line":188,"column":0},"end":{"line":188,"column":36}},"188":{"start":{"line":189,"column":0},"end":{"line":189,"column":29}},"189":{"start":{"line":190,"column":0},"end":{"line":190,"column":29}},"190":{"start":{"line":191,"column":0},"end":{"line":191,"column":66}},"191":{"start":{"line":192,"column":0},"end":{"line":192,"column":68}},"192":{"start":{"line":193,"column":0},"end":{"line":193,"column":9}},"193":{"start":{"line":194,"column":0},"end":{"line":194,"column":0}},"194":{"start":{"line":195,"column":0},"end":{"line":195,"column":37}},"195":{"start":{"line":196,"column":0},"end":{"line":196,"column":38}},"196":{"start":{"line":197,"column":0},"end":{"line":197,"column":40}},"197":{"start":{"line":198,"column":0},"end":{"line":198,"column":37}},"198":{"start":{"line":199,"column":0},"end":{"line":199,"column":36}},"199":{"start":{"line":200,"column":0},"end":{"line":200,"column":42}},"200":{"start":{"line":201,"column":0},"end":{"line":201,"column":13}},"201":{"start":{"line":202,"column":0},"end":{"line":202,"column":9}},"202":{"start":{"line":203,"column":0},"end":{"line":203,"column":5}},"203":{"start":{"line":204,"column":0},"end":{"line":204,"column":0}},"204":{"start":{"line":205,"column":0},"end":{"line":205,"column":29}},"205":{"start":{"line":206,"column":0},"end":{"line":206,"column":37}},"206":{"start":{"line":207,"column":0},"end":{"line":207,"column":26}},"207":{"start":{"line":208,"column":0},"end":{"line":208,"column":32}},"208":{"start":{"line":209,"column":0},"end":{"line":209,"column":34}},"209":{"start":{"line":210,"column":0},"end":{"line":210,"column":43}},"210":{"start":{"line":211,"column":0},"end":{"line":211,"column":10}},"211":{"start":{"line":212,"column":0},"end":{"line":212,"column":83}},"212":{"start":{"line":213,"column":0},"end":{"line":213,"column":5}},"213":{"start":{"line":214,"column":0},"end":{"line":214,"column":0}},"214":{"start":{"line":215,"column":0},"end":{"line":215,"column":22}},"215":{"start":{"line":216,"column":0},"end":{"line":216,"column":53}},"216":{"start":{"line":217,"column":0},"end":{"line":217,"column":4}},"217":{"start":{"line":218,"column":0},"end":{"line":218,"column":49}},"218":{"start":{"line":219,"column":0},"end":{"line":219,"column":96}},"219":{"start":{"line":220,"column":0},"end":{"line":220,"column":7}},"220":{"start":{"line":221,"column":0},"end":{"line":221,"column":0}},"221":{"start":{"line":222,"column":0},"end":{"line":222,"column":54}},"222":{"start":{"line":223,"column":0},"end":{"line":223,"column":45}},"223":{"start":{"line":224,"column":0},"end":{"line":224,"column":7}},"224":{"start":{"line":225,"column":0},"end":{"line":225,"column":0}},"225":{"start":{"line":226,"column":0},"end":{"line":226,"column":21}},"226":{"start":{"line":227,"column":0},"end":{"line":227,"column":28}},"227":{"start":{"line":228,"column":0},"end":{"line":228,"column":45}},"228":{"start":{"line":229,"column":0},"end":{"line":229,"column":42}},"229":{"start":{"line":230,"column":0},"end":{"line":230,"column":63}},"230":{"start":{"line":231,"column":0},"end":{"line":231,"column":67}},"231":{"start":{"line":232,"column":0},"end":{"line":232,"column":40}},"232":{"start":{"line":233,"column":0},"end":{"line":233,"column":67}},"233":{"start":{"line":234,"column":0},"end":{"line":234,"column":11}},"234":{"start":{"line":235,"column":0},"end":{"line":235,"column":7}},"235":{"start":{"line":236,"column":0},"end":{"line":236,"column":0}},"236":{"start":{"line":237,"column":0},"end":{"line":237,"column":23}},"237":{"start":{"line":238,"column":0},"end":{"line":238,"column":36}},"238":{"start":{"line":239,"column":0},"end":{"line":239,"column":48}},"239":{"start":{"line":240,"column":0},"end":{"line":240,"column":54}},"240":{"start":{"line":241,"column":0},"end":{"line":241,"column":72}},"241":{"start":{"line":242,"column":0},"end":{"line":242,"column":43}},"242":{"start":{"line":243,"column":0},"end":{"line":243,"column":29}},"243":{"start":{"line":244,"column":0},"end":{"line":244,"column":27}},"244":{"start":{"line":245,"column":0},"end":{"line":245,"column":11}},"245":{"start":{"line":246,"column":0},"end":{"line":246,"column":7}},"246":{"start":{"line":247,"column":0},"end":{"line":247,"column":0}},"247":{"start":{"line":248,"column":0},"end":{"line":248,"column":24}},"248":{"start":{"line":249,"column":0},"end":{"line":249,"column":36}},"249":{"start":{"line":250,"column":0},"end":{"line":250,"column":48}},"250":{"start":{"line":251,"column":0},"end":{"line":251,"column":54}},"251":{"start":{"line":252,"column":0},"end":{"line":252,"column":72}},"252":{"start":{"line":253,"column":0},"end":{"line":253,"column":43}},"253":{"start":{"line":254,"column":0},"end":{"line":254,"column":29}},"254":{"start":{"line":255,"column":0},"end":{"line":255,"column":27}},"255":{"start":{"line":256,"column":0},"end":{"line":256,"column":11}},"256":{"start":{"line":257,"column":0},"end":{"line":257,"column":7}},"257":{"start":{"line":258,"column":0},"end":{"line":258,"column":0}},"258":{"start":{"line":259,"column":0},"end":{"line":259,"column":24}},"259":{"start":{"line":260,"column":0},"end":{"line":260,"column":35}},"260":{"start":{"line":261,"column":0},"end":{"line":261,"column":48}},"261":{"start":{"line":262,"column":0},"end":{"line":262,"column":52}},"262":{"start":{"line":263,"column":0},"end":{"line":263,"column":71}},"263":{"start":{"line":264,"column":0},"end":{"line":264,"column":43}},"264":{"start":{"line":265,"column":0},"end":{"line":265,"column":29}},"265":{"start":{"line":266,"column":0},"end":{"line":266,"column":27}},"266":{"start":{"line":267,"column":0},"end":{"line":267,"column":11}},"267":{"start":{"line":268,"column":0},"end":{"line":268,"column":7}},"268":{"start":{"line":269,"column":0},"end":{"line":269,"column":0}},"269":{"start":{"line":270,"column":0},"end":{"line":270,"column":24}},"270":{"start":{"line":271,"column":0},"end":{"line":271,"column":37}},"271":{"start":{"line":272,"column":0},"end":{"line":272,"column":48}},"272":{"start":{"line":273,"column":0},"end":{"line":273,"column":56}},"273":{"start":{"line":274,"column":0},"end":{"line":274,"column":73}},"274":{"start":{"line":275,"column":0},"end":{"line":275,"column":43}},"275":{"start":{"line":276,"column":0},"end":{"line":276,"column":29}},"276":{"start":{"line":277,"column":0},"end":{"line":277,"column":27}},"277":{"start":{"line":278,"column":0},"end":{"line":278,"column":11}},"278":{"start":{"line":279,"column":0},"end":{"line":279,"column":7}},"279":{"start":{"line":280,"column":0},"end":{"line":280,"column":0}},"280":{"start":{"line":281,"column":0},"end":{"line":281,"column":22}},"281":{"start":{"line":282,"column":0},"end":{"line":282,"column":59}},"282":{"start":{"line":283,"column":0},"end":{"line":283,"column":63}},"283":{"start":{"line":284,"column":0},"end":{"line":284,"column":25}},"284":{"start":{"line":285,"column":0},"end":{"line":285,"column":23}},"285":{"start":{"line":286,"column":0},"end":{"line":286,"column":7}},"286":{"start":{"line":287,"column":0},"end":{"line":287,"column":0}},"287":{"start":{"line":288,"column":0},"end":{"line":288,"column":58}},"288":{"start":{"line":289,"column":0},"end":{"line":289,"column":61}},"289":{"start":{"line":290,"column":0},"end":{"line":290,"column":57}},"290":{"start":{"line":291,"column":0},"end":{"line":291,"column":31}},"291":{"start":{"line":292,"column":0},"end":{"line":292,"column":41}},"292":{"start":{"line":293,"column":0},"end":{"line":293,"column":36}},"293":{"start":{"line":294,"column":0},"end":{"line":294,"column":20}},"294":{"start":{"line":295,"column":0},"end":{"line":295,"column":40}},"295":{"start":{"line":296,"column":0},"end":{"line":296,"column":13}},"296":{"start":{"line":297,"column":0},"end":{"line":297,"column":11}},"297":{"start":{"line":298,"column":0},"end":{"line":298,"column":23}},"298":{"start":{"line":299,"column":0},"end":{"line":299,"column":7}},"299":{"start":{"line":300,"column":0},"end":{"line":300,"column":0}},"300":{"start":{"line":301,"column":0},"end":{"line":301,"column":53}},"301":{"start":{"line":302,"column":0},"end":{"line":302,"column":51}},"302":{"start":{"line":303,"column":0},"end":{"line":303,"column":23}},"303":{"start":{"line":304,"column":0},"end":{"line":304,"column":7}},"304":{"start":{"line":305,"column":0},"end":{"line":305,"column":0}},"305":{"start":{"line":306,"column":0},"end":{"line":306,"column":53}},"306":{"start":{"line":307,"column":0},"end":{"line":307,"column":74}},"307":{"start":{"line":308,"column":0},"end":{"line":308,"column":70}},"308":{"start":{"line":309,"column":0},"end":{"line":309,"column":23}},"309":{"start":{"line":310,"column":0},"end":{"line":310,"column":24}},"310":{"start":{"line":311,"column":0},"end":{"line":311,"column":45}},"311":{"start":{"line":312,"column":0},"end":{"line":312,"column":7}},"312":{"start":{"line":313,"column":0},"end":{"line":313,"column":0}},"313":{"start":{"line":314,"column":0},"end":{"line":314,"column":54}},"314":{"start":{"line":315,"column":0},"end":{"line":315,"column":20}},"315":{"start":{"line":316,"column":0},"end":{"line":316,"column":34}},"316":{"start":{"line":317,"column":0},"end":{"line":317,"column":33}},"317":{"start":{"line":318,"column":0},"end":{"line":318,"column":32}},"318":{"start":{"line":319,"column":0},"end":{"line":319,"column":31}},"319":{"start":{"line":320,"column":0},"end":{"line":320,"column":30}},"320":{"start":{"line":321,"column":0},"end":{"line":321,"column":33}},"321":{"start":{"line":322,"column":0},"end":{"line":322,"column":33}},"322":{"start":{"line":323,"column":0},"end":{"line":323,"column":32}},"323":{"start":{"line":324,"column":0},"end":{"line":324,"column":26}},"324":{"start":{"line":325,"column":0},"end":{"line":325,"column":10}},"325":{"start":{"line":326,"column":0},"end":{"line":326,"column":23}},"326":{"start":{"line":327,"column":0},"end":{"line":327,"column":24}},"327":{"start":{"line":328,"column":0},"end":{"line":328,"column":30}},"328":{"start":{"line":329,"column":0},"end":{"line":329,"column":7}},"329":{"start":{"line":330,"column":0},"end":{"line":330,"column":0}},"330":{"start":{"line":331,"column":0},"end":{"line":331,"column":52}},"331":{"start":{"line":332,"column":0},"end":{"line":332,"column":19}},"332":{"start":{"line":333,"column":0},"end":{"line":333,"column":21}},"333":{"start":{"line":334,"column":0},"end":{"line":334,"column":3}}},"s":{"0":0,"1":0,"2":0,"3":0,"4":0,"5":0,"6":0,"7":0,"8":0,"9":0,"10":0,"11":0,"12":0,"13":0,"14":0,"15":0,"16":0,"17":0,"18":0,"19":0,"20":0,"21":0,"22":0,"23":0,"24":0,"25":0,"26":0,"27":0,"28":0,"29":0,"30":0,"31":0,"32":0,"33":0,"34":0,"35":0,"36":0,"37":0,"38":0,"39":0,"40":0,"41":0,"42":0,"43":0,"44":0,"45":0,"46":0,"47":0,"48":0,"49":0,"50":0,"51":0,"52":0,"53":0,"54":0,"55":0,"56":0,"57":0,"58":0,"59":0,"60":0,"61":0,"62":0,"63":0,"64":0,"65":0,"66":0,"67":0,"68":0,"69":0,"70":0,"71":0,"72":0,"73":0,"74":0,"75":0,"76":0,"77":0,"78":0,"79":0,"80":0,"81":0,"82":0,"83":0,"84":0,"85":0,"86":0,"87":0,"88":0,"89":0,"90":0,"91":0,"92":0,"93":0,"94":0,"95":0,"96":0,"97":0,"98":0,"99":0,"100":0,"101":0,"102":0,"103":0,"104":0,"105":0,"106":0,"107":0,"108":0,"109":0,"110":0,"111":0,"112":0,"113":0,"114":0,"115":0,"116":0,"117":0,"118":0,"119":0,"120":0,"121":0,"122":0,"123":0,"124":0,"125":0,"126":0,"127":0,"128":0,"129":0,"130":0,"131":0,"132":0,"133":0,"134":0,"135":0,"136":0,"137":0,"138":0,"139":0,"140":0,"141":0,"142":0,"143":0,"144":0,"145":0,"146":0,"147":0,"148":0,"149":0,"150":0,"151":0,"152":0,"153":0,"154":0,"155":0,"156":0,"157":0,"158":0,"159":0,"160":0,"161":0,"162":0,"163":0,"164":0,"165":0,"166":0,"167":0,"168":0,"169":0,"170":0,"171":0,"172":0,"173":0,"174":0,"175":0,"176":0,"177":0,"178":0,"179":0,"180":0,"181":0,"182":0,"183":0,"184":0,"185":0,"186":0,"187":0,"188":0,"189":0,"190":0,"191":0,"192":0,"193":0,"194":0,"195":0,"196":0,"197":0,"198":0,"199":0,"200":0,"201":0,"202":0,"203":0,"204":0,"205":0,"206":0,"207":0,"208":0,"209":0,"210":0,"211":0,"212":0,"213":0,"214":0,"215":0,"216":0,"217":0,"218":0,"219":0,"220":0,"221":0,"222":0,"223":0,"224":0,"225":0,"226":0,"227":0,"228":0,"229":0,"230":0,"231":0,"232":0,"233":0,"234":0,"235":0,"236":0,"237":0,"238":0,"239":0,"240":0,"241":0,"242":0,"243":0,"244":0,"245":0,"246":0,"247":0,"248":0,"249":0,"250":0,"251":0,"252":0,"253":0,"254":0,"255":0,"256":0,"257":0,"258":0,"259":0,"260":0,"261":0,"262":0,"263":0,"264":0,"265":0,"266":0,"267":0,"268":0,"269":0,"270":0,"271":0,"272":0,"273":0,"274":0,"275":0,"276":0,"277":0,"278":0,"279":0,"280":0,"281":0,"282":0,"283":0,"284":0,"285":0,"286":0,"287":0,"288":0,"289":0,"290":0,"291":0,"292":0,"293":0,"294":0,"295":0,"296":0,"297":0,"298":0,"299":0,"300":0,"301":0,"302":0,"303":0,"304":0,"305":0,"306":0,"307":0,"308":0,"309":0,"310":0,"311":0,"312":0,"313":0,"314":0,"315":0,"316":0,"317":0,"318":0,"319":0,"320":0,"321":0,"322":0,"323":0,"324":0,"325":0,"326":0,"327":0,"328":0,"329":0,"330":0,"331":0,"332":0,"333":0},"branchMap":{"0":{"type":"branch","line":1,"loc":{"start":{"line":1,"column":0},"end":{"line":334,"column":3}},"locations":[{"start":{"line":1,"column":0},"end":{"line":334,"column":3}}]}},"b":{"0":[0]},"fnMap":{"0":{"name":"(empty-report)","decl":{"start":{"line":1,"column":0},"end":{"line":334,"column":3}},"loc":{"start":{"line":1,"column":0},"end":{"line":334,"column":3}},"line":1}},"f":{"0":0}}
,"C:\\Users\\semih\\OneDrive\\Masaüstü\\ss\\chat.js": {"path":"C:\\Users\\semih\\OneDrive\\Masaüstü\\ss\\chat.js","all":true,"statementMap":{"0":{"start":{"line":1,"column":0},"end":{"line":1,"column":38}},"1":{"start":{"line":2,"column":0},"end":{"line":2,"column":0}},"2":{"start":{"line":3,"column":0},"end":{"line":3,"column":58}},"3":{"start":{"line":4,"column":0},"end":{"line":4,"column":49}},"4":{"start":{"line":5,"column":0},"end":{"line":5,"column":4}},"5":{"start":{"line":6,"column":0},"end":{"line":6,"column":9}},"6":{"start":{"line":7,"column":0},"end":{"line":7,"column":62}},"7":{"start":{"line":8,"column":0},"end":{"line":8,"column":76}},"8":{"start":{"line":9,"column":0},"end":{"line":9,"column":49}},"9":{"start":{"line":10,"column":0},"end":{"line":10,"column":8}},"10":{"start":{"line":11,"column":0},"end":{"line":11,"column":42}},"11":{"start":{"line":12,"column":0},"end":{"line":12,"column":88}},"12":{"start":{"line":13,"column":0},"end":{"line":13,"column":48}},"13":{"start":{"line":14,"column":0},"end":{"line":14,"column":19}},"14":{"start":{"line":15,"column":0},"end":{"line":15,"column":9}},"15":{"start":{"line":16,"column":0},"end":{"line":16,"column":0}},"16":{"start":{"line":17,"column":0},"end":{"line":17,"column":70}},"17":{"start":{"line":18,"column":0},"end":{"line":18,"column":73}},"18":{"start":{"line":19,"column":0},"end":{"line":19,"column":72}},"19":{"start":{"line":20,"column":0},"end":{"line":20,"column":0}},"20":{"start":{"line":21,"column":0},"end":{"line":21,"column":57}},"21":{"start":{"line":22,"column":0},"end":{"line":22,"column":66}},"22":{"start":{"line":23,"column":0},"end":{"line":23,"column":45}},"23":{"start":{"line":24,"column":0},"end":{"line":24,"column":39}},"24":{"start":{"line":25,"column":0},"end":{"line":25,"column":40}},"25":{"start":{"line":26,"column":0},"end":{"line":26,"column":15}},"26":{"start":{"line":27,"column":0},"end":{"line":27,"column":19}},"27":{"start":{"line":28,"column":0},"end":{"line":28,"column":9}},"28":{"start":{"line":29,"column":0},"end":{"line":29,"column":0}},"29":{"start":{"line":30,"column":0},"end":{"line":30,"column":57}},"30":{"start":{"line":31,"column":0},"end":{"line":31,"column":0}},"31":{"start":{"line":32,"column":0},"end":{"line":32,"column":66}},"32":{"start":{"line":33,"column":0},"end":{"line":33,"column":111}},"33":{"start":{"line":34,"column":0},"end":{"line":34,"column":27}},"34":{"start":{"line":35,"column":0},"end":{"line":35,"column":30}},"35":{"start":{"line":36,"column":0},"end":{"line":36,"column":46}},"36":{"start":{"line":37,"column":0},"end":{"line":37,"column":53}},"37":{"start":{"line":38,"column":0},"end":{"line":38,"column":0}},"38":{"start":{"line":39,"column":0},"end":{"line":39,"column":46}},"39":{"start":{"line":40,"column":0},"end":{"line":40,"column":29}},"40":{"start":{"line":41,"column":0},"end":{"line":41,"column":0}},"41":{"start":{"line":42,"column":0},"end":{"line":42,"column":33}},"42":{"start":{"line":43,"column":0},"end":{"line":43,"column":41}},"43":{"start":{"line":44,"column":0},"end":{"line":44,"column":56}},"44":{"start":{"line":45,"column":0},"end":{"line":45,"column":17}},"45":{"start":{"line":46,"column":0},"end":{"line":46,"column":115}},"46":{"start":{"line":47,"column":0},"end":{"line":47,"column":66}},"47":{"start":{"line":48,"column":0},"end":{"line":48,"column":16}},"48":{"start":{"line":49,"column":0},"end":{"line":49,"column":35}},"49":{"start":{"line":50,"column":0},"end":{"line":50,"column":60}},"50":{"start":{"line":51,"column":0},"end":{"line":51,"column":79}},"51":{"start":{"line":52,"column":0},"end":{"line":52,"column":182}},"52":{"start":{"line":53,"column":0},"end":{"line":53,"column":33}},"53":{"start":{"line":54,"column":0},"end":{"line":54,"column":17}},"54":{"start":{"line":55,"column":0},"end":{"line":55,"column":55}},"55":{"start":{"line":56,"column":0},"end":{"line":56,"column":28}},"56":{"start":{"line":57,"column":0},"end":{"line":57,"column":29}},"57":{"start":{"line":58,"column":0},"end":{"line":58,"column":71}},"58":{"start":{"line":59,"column":0},"end":{"line":59,"column":107}},"59":{"start":{"line":60,"column":0},"end":{"line":60,"column":29}},"60":{"start":{"line":61,"column":0},"end":{"line":61,"column":13}},"61":{"start":{"line":62,"column":0},"end":{"line":62,"column":9}},"62":{"start":{"line":63,"column":0},"end":{"line":63,"column":0}},"63":{"start":{"line":64,"column":0},"end":{"line":64,"column":53}},"64":{"start":{"line":65,"column":0},"end":{"line":65,"column":25}},"65":{"start":{"line":66,"column":0},"end":{"line":66,"column":0}},"66":{"start":{"line":67,"column":0},"end":{"line":67,"column":38}},"67":{"start":{"line":68,"column":0},"end":{"line":68,"column":65}},"68":{"start":{"line":69,"column":0},"end":{"line":69,"column":51}},"69":{"start":{"line":70,"column":0},"end":{"line":70,"column":27}},"70":{"start":{"line":71,"column":0},"end":{"line":71,"column":61}},"71":{"start":{"line":72,"column":0},"end":{"line":72,"column":23}},"72":{"start":{"line":73,"column":0},"end":{"line":73,"column":13}},"73":{"start":{"line":74,"column":0},"end":{"line":74,"column":0}},"74":{"start":{"line":75,"column":0},"end":{"line":75,"column":60}},"75":{"start":{"line":76,"column":0},"end":{"line":76,"column":51}},"76":{"start":{"line":77,"column":0},"end":{"line":77,"column":27}},"77":{"start":{"line":78,"column":0},"end":{"line":78,"column":73}},"78":{"start":{"line":79,"column":0},"end":{"line":79,"column":23}},"79":{"start":{"line":80,"column":0},"end":{"line":80,"column":13}},"80":{"start":{"line":81,"column":0},"end":{"line":81,"column":0}},"81":{"start":{"line":82,"column":0},"end":{"line":82,"column":54}},"82":{"start":{"line":83,"column":0},"end":{"line":83,"column":40}},"83":{"start":{"line":84,"column":0},"end":{"line":84,"column":33}},"84":{"start":{"line":85,"column":0},"end":{"line":85,"column":0}},"85":{"start":{"line":86,"column":0},"end":{"line":86,"column":46}},"86":{"start":{"line":87,"column":0},"end":{"line":87,"column":30}},"87":{"start":{"line":88,"column":0},"end":{"line":88,"column":29}},"88":{"start":{"line":89,"column":0},"end":{"line":89,"column":32}},"89":{"start":{"line":90,"column":0},"end":{"line":90,"column":15}},"90":{"start":{"line":91,"column":0},"end":{"line":91,"column":0}},"91":{"start":{"line":92,"column":0},"end":{"line":92,"column":55}},"92":{"start":{"line":93,"column":0},"end":{"line":93,"column":0}},"93":{"start":{"line":94,"column":0},"end":{"line":94,"column":17}},"94":{"start":{"line":95,"column":0},"end":{"line":95,"column":58}},"95":{"start":{"line":96,"column":0},"end":{"line":96,"column":37}},"96":{"start":{"line":97,"column":0},"end":{"line":97,"column":55}},"97":{"start":{"line":98,"column":0},"end":{"line":98,"column":39}},"98":{"start":{"line":99,"column":0},"end":{"line":99,"column":33}},"99":{"start":{"line":100,"column":0},"end":{"line":100,"column":45}},"100":{"start":{"line":101,"column":0},"end":{"line":101,"column":26}},"101":{"start":{"line":102,"column":0},"end":{"line":102,"column":24}},"102":{"start":{"line":103,"column":0},"end":{"line":103,"column":39}},"103":{"start":{"line":104,"column":0},"end":{"line":104,"column":41}},"104":{"start":{"line":105,"column":0},"end":{"line":105,"column":33}},"105":{"start":{"line":106,"column":0},"end":{"line":106,"column":35}},"106":{"start":{"line":107,"column":0},"end":{"line":107,"column":46}},"107":{"start":{"line":108,"column":0},"end":{"line":108,"column":22}},"108":{"start":{"line":109,"column":0},"end":{"line":109,"column":37}},"109":{"start":{"line":110,"column":0},"end":{"line":110,"column":25}},"110":{"start":{"line":111,"column":0},"end":{"line":111,"column":65}},"111":{"start":{"line":112,"column":0},"end":{"line":112,"column":63}},"112":{"start":{"line":113,"column":0},"end":{"line":113,"column":26}},"113":{"start":{"line":114,"column":0},"end":{"line":114,"column":25}},"114":{"start":{"line":115,"column":0},"end":{"line":115,"column":66}},"115":{"start":{"line":116,"column":0},"end":{"line":116,"column":63}},"116":{"start":{"line":117,"column":0},"end":{"line":117,"column":26}},"117":{"start":{"line":118,"column":0},"end":{"line":118,"column":25}},"118":{"start":{"line":119,"column":0},"end":{"line":119,"column":72}},"119":{"start":{"line":120,"column":0},"end":{"line":120,"column":63}},"120":{"start":{"line":121,"column":0},"end":{"line":121,"column":26}},"121":{"start":{"line":122,"column":0},"end":{"line":122,"column":25}},"122":{"start":{"line":123,"column":0},"end":{"line":123,"column":72}},"123":{"start":{"line":124,"column":0},"end":{"line":124,"column":63}},"124":{"start":{"line":125,"column":0},"end":{"line":125,"column":25}},"125":{"start":{"line":126,"column":0},"end":{"line":126,"column":21}},"126":{"start":{"line":127,"column":0},"end":{"line":127,"column":18}},"127":{"start":{"line":128,"column":0},"end":{"line":128,"column":0}},"128":{"start":{"line":129,"column":0},"end":{"line":129,"column":84}},"129":{"start":{"line":130,"column":0},"end":{"line":130,"column":49}},"130":{"start":{"line":131,"column":0},"end":{"line":131,"column":0}},"131":{"start":{"line":132,"column":0},"end":{"line":132,"column":57}},"132":{"start":{"line":133,"column":0},"end":{"line":133,"column":89}},"133":{"start":{"line":134,"column":0},"end":{"line":134,"column":0}},"134":{"start":{"line":135,"column":0},"end":{"line":135,"column":75}},"135":{"start":{"line":136,"column":0},"end":{"line":136,"column":35}},"136":{"start":{"line":137,"column":0},"end":{"line":137,"column":30}},"137":{"start":{"line":138,"column":0},"end":{"line":138,"column":59}},"138":{"start":{"line":139,"column":0},"end":{"line":139,"column":22}},"139":{"start":{"line":140,"column":0},"end":{"line":140,"column":54}},"140":{"start":{"line":141,"column":0},"end":{"line":141,"column":45}},"141":{"start":{"line":142,"column":0},"end":{"line":142,"column":19}},"142":{"start":{"line":143,"column":0},"end":{"line":143,"column":0}},"143":{"start":{"line":144,"column":0},"end":{"line":144,"column":40}},"144":{"start":{"line":145,"column":0},"end":{"line":145,"column":0}},"145":{"start":{"line":146,"column":0},"end":{"line":146,"column":66}},"146":{"start":{"line":147,"column":0},"end":{"line":147,"column":101}},"147":{"start":{"line":148,"column":0},"end":{"line":148,"column":16}},"148":{"start":{"line":149,"column":0},"end":{"line":149,"column":59}},"149":{"start":{"line":150,"column":0},"end":{"line":150,"column":62}},"150":{"start":{"line":151,"column":0},"end":{"line":151,"column":16}},"151":{"start":{"line":152,"column":0},"end":{"line":152,"column":35}},"152":{"start":{"line":153,"column":0},"end":{"line":153,"column":63}},"153":{"start":{"line":154,"column":0},"end":{"line":154,"column":20}},"154":{"start":{"line":155,"column":0},"end":{"line":155,"column":53}},"155":{"start":{"line":156,"column":0},"end":{"line":156,"column":78}},"156":{"start":{"line":157,"column":0},"end":{"line":157,"column":37}},"157":{"start":{"line":158,"column":0},"end":{"line":158,"column":86}},"158":{"start":{"line":159,"column":0},"end":{"line":159,"column":141}},"159":{"start":{"line":160,"column":0},"end":{"line":160,"column":24}},"160":{"start":{"line":161,"column":0},"end":{"line":161,"column":64}},"161":{"start":{"line":162,"column":0},"end":{"line":162,"column":87}},"162":{"start":{"line":163,"column":0},"end":{"line":163,"column":45}},"163":{"start":{"line":164,"column":0},"end":{"line":164,"column":21}},"164":{"start":{"line":165,"column":0},"end":{"line":165,"column":20}},"165":{"start":{"line":166,"column":0},"end":{"line":166,"column":87}},"166":{"start":{"line":167,"column":0},"end":{"line":167,"column":17}},"167":{"start":{"line":168,"column":0},"end":{"line":168,"column":0}},"168":{"start":{"line":169,"column":0},"end":{"line":169,"column":68}},"169":{"start":{"line":170,"column":0},"end":{"line":170,"column":31}},"170":{"start":{"line":171,"column":0},"end":{"line":171,"column":0}},"171":{"start":{"line":172,"column":0},"end":{"line":172,"column":25}},"172":{"start":{"line":173,"column":0},"end":{"line":173,"column":21}},"173":{"start":{"line":174,"column":0},"end":{"line":174,"column":52}},"174":{"start":{"line":175,"column":0},"end":{"line":175,"column":60}},"175":{"start":{"line":176,"column":0},"end":{"line":176,"column":29}},"176":{"start":{"line":177,"column":0},"end":{"line":177,"column":64}},"177":{"start":{"line":178,"column":0},"end":{"line":178,"column":61}},"178":{"start":{"line":179,"column":0},"end":{"line":179,"column":17}},"179":{"start":{"line":180,"column":0},"end":{"line":180,"column":0}},"180":{"start":{"line":181,"column":0},"end":{"line":181,"column":40}},"181":{"start":{"line":182,"column":0},"end":{"line":182,"column":0}},"182":{"start":{"line":183,"column":0},"end":{"line":183,"column":90}},"183":{"start":{"line":184,"column":0},"end":{"line":184,"column":80}},"184":{"start":{"line":185,"column":0},"end":{"line":185,"column":58}},"185":{"start":{"line":186,"column":0},"end":{"line":186,"column":49}},"186":{"start":{"line":187,"column":0},"end":{"line":187,"column":20}},"187":{"start":{"line":188,"column":0},"end":{"line":188,"column":47}},"188":{"start":{"line":189,"column":0},"end":{"line":189,"column":38}},"189":{"start":{"line":190,"column":0},"end":{"line":190,"column":38}},"190":{"start":{"line":191,"column":0},"end":{"line":191,"column":43}},"191":{"start":{"line":192,"column":0},"end":{"line":192,"column":23}},"192":{"start":{"line":193,"column":0},"end":{"line":193,"column":0}},"193":{"start":{"line":194,"column":0},"end":{"line":194,"column":49}},"194":{"start":{"line":195,"column":0},"end":{"line":195,"column":50}},"195":{"start":{"line":196,"column":0},"end":{"line":196,"column":61}},"196":{"start":{"line":197,"column":0},"end":{"line":197,"column":21}},"197":{"start":{"line":198,"column":0},"end":{"line":198,"column":24}},"198":{"start":{"line":199,"column":0},"end":{"line":199,"column":71}},"199":{"start":{"line":200,"column":0},"end":{"line":200,"column":67}},"200":{"start":{"line":201,"column":0},"end":{"line":201,"column":17}},"201":{"start":{"line":202,"column":0},"end":{"line":202,"column":29}},"202":{"start":{"line":203,"column":0},"end":{"line":203,"column":53}},"203":{"start":{"line":204,"column":0},"end":{"line":204,"column":40}},"204":{"start":{"line":205,"column":0},"end":{"line":205,"column":16}},"205":{"start":{"line":206,"column":0},"end":{"line":206,"column":64}},"206":{"start":{"line":207,"column":0},"end":{"line":207,"column":50}},"207":{"start":{"line":208,"column":0},"end":{"line":208,"column":89}},"208":{"start":{"line":209,"column":0},"end":{"line":209,"column":59}},"209":{"start":{"line":210,"column":0},"end":{"line":210,"column":94}},"210":{"start":{"line":211,"column":0},"end":{"line":211,"column":59}},"211":{"start":{"line":212,"column":0},"end":{"line":212,"column":120}},"212":{"start":{"line":213,"
[...]
line":27,"column":0},"end":{"line":27,"column":30}},"27":{"start":{"line":28,"column":0},"end":{"line":28,"column":31}},"28":{"start":{"line":29,"column":0},"end":{"line":29,"column":6}},"29":{"start":{"line":30,"column":0},"end":{"line":30,"column":0}},"30":{"start":{"line":31,"column":0},"end":{"line":31,"column":33}},"31":{"start":{"line":32,"column":0},"end":{"line":32,"column":45}},"32":{"start":{"line":33,"column":0},"end":{"line":33,"column":6}},"33":{"start":{"line":34,"column":0},"end":{"line":34,"column":0}},"34":{"start":{"line":35,"column":0},"end":{"line":35,"column":32}},"35":{"start":{"line":36,"column":0},"end":{"line":36,"column":31}},"36":{"start":{"line":37,"column":0},"end":{"line":37,"column":37}},"37":{"start":{"line":38,"column":0},"end":{"line":38,"column":60}},"38":{"start":{"line":39,"column":0},"end":{"line":39,"column":9}},"39":{"start":{"line":40,"column":0},"end":{"line":40,"column":6}},"40":{"start":{"line":41,"column":0},"end":{"line":41,"column":0}},"41":{"start":{"line":42,"column":0},"end":{"line":42,"column":33}},"42":{"start":{"line":43,"column":0},"end":{"line":43,"column":35}},"43":{"start":{"line":44,"column":0},"end":{"line":44,"column":60}},"44":{"start":{"line":45,"column":0},"end":{"line":45,"column":56}},"45":{"start":{"line":46,"column":0},"end":{"line":46,"column":35}},"46":{"start":{"line":47,"column":0},"end":{"line":47,"column":55}},"47":{"start":{"line":48,"column":0},"end":{"line":48,"column":27}},"48":{"start":{"line":49,"column":0},"end":{"line":49,"column":48}},"49":{"start":{"line":50,"column":0},"end":{"line":50,"column":17}},"50":{"start":{"line":51,"column":0},"end":{"line":51,"column":15}},"51":{"start":{"line":52,"column":0},"end":{"line":52,"column":11}},"52":{"start":{"line":53,"column":0},"end":{"line":53,"column":0}},"53":{"start":{"line":54,"column":0},"end":{"line":54,"column":29}},"54":{"start":{"line":55,"column":0},"end":{"line":55,"column":61}},"55":{"start":{"line":56,"column":0},"end":{"line":56,"column":61}},"56":{"start":{"line":57,"column":0},"end":{"line":57,"column":35}},"57":{"start":{"line":58,"column":0},"end":{"line":58,"column":40}},"58":{"start":{"line":59,"column":0},"end":{"line":59,"column":20}},"59":{"start":{"line":60,"column":0},"end":{"line":60,"column":38}},"60":{"start":{"line":61,"column":0},"end":{"line":61,"column":13}},"61":{"start":{"line":62,"column":0},"end":{"line":62,"column":18}},"62":{"start":{"line":63,"column":0},"end":{"line":63,"column":5}},"63":{"start":{"line":64,"column":0},"end":{"line":64,"column":2}},"64":{"start":{"line":65,"column":0},"end":{"line":65,"column":0}},"65":{"start":{"line":66,"column":0},"end":{"line":66,"column":17}}},"s":{"0":0,"1":0,"2":0,"3":0,"4":0,"5":0,"6":0,"7":0,"8":0,"9":0,"10":0,"11":0,"12":0,"13":0,"14":0,"15":0,"16":0,"17":0,"18":0,"19":0,"20":0,"21":0,"22":0,"23":0,"24":0,"25":0,"26":0,"27":0,"28":0,"29":0,"30":0,"31":0,"32":0,"33":0,"34":0,"35":0,"36":0,"37":0,"38":0,"39":0,"40":0,"41":0,"42":0,"43":0,"44":0,"45":0,"46":0,"47":0,"48":0,"49":0,"50":0,"51":0,"52":0,"53":0,"54":0,"55":0,"56":0,"57":0,"58":0,"59":0,"60":0,"61":0,"62":0,"63":0,"64":0,"65":0},"branchMap":{"0":{"type":"branch","line":1,"loc":{"start":{"line":1,"column":0},"end":{"line":66,"column":17}},"locations":[{"start":{"line":1,"column":0},"end":{"line":66,"column":17}}]}},"b":{"0":[0]},"fnMap":{"0":{"name":"(empty-report)","decl":{"start":{"line":1,"column":0},"end":{"line":66,"column":17}},"loc":{"start":{"line":1,"column":0},"end":{"line":66,"column":17}},"line":1}},"f":{"0":0}}
,"C:\\Users\\semih\\OneDrive\\Masaüstü\\ss\\StudyBuddy\\www\\js\\profile.js": {"path":"C:\\Users\\semih\\OneDrive\\Masaüstü\\ss\\StudyBuddy\\www\\js\\profile.js","all":true,"statementMap":{"0":{"start":{"line":1,"column":0},"end":{"line":1,"column":63}},"1":{"start":{"line":2,"column":0},"end":{"line":2,"column":0}},"2":{"start":{"line":3,"column":0},"end":{"line":3,"column":26}},"3":{"start":{"line":4,"column":0},"end":{"line":4,"column":37}},"4":{"start":{"line":5,"column":0},"end":{"line":5,"column":24}},"5":{"start":{"line":6,"column":0},"end":{"line":6,"column":1}},"6":{"start":{"line":7,"column":0},"end":{"line":7,"column":0}},"7":{"start":{"line":8,"column":0},"end":{"line":8,"column":30}},"8":{"start":{"line":9,"column":0},"end":{"line":9,"column":29}},"9":{"start":{"line":10,"column":0},"end":{"line":10,"column":65}},"10":{"start":{"line":11,"column":0},"end":{"line":11,"column":72}},"11":{"start":{"line":12,"column":0},"end":{"line":12,"column":0}},"12":{"start":{"line":13,"column":0},"end":{"line":13,"column":51}},"13":{"start":{"line":14,"column":0},"end":{"line":14,"column":25}},"14":{"start":{"line":15,"column":0},"end":{"line":15,"column":24}},"15":{"start":{"line":16,"column":0},"end":{"line":16,"column":61}},"16":{"start":{"line":17,"column":0},"end":{"line":17,"column":62}},"17":{"start":{"line":18,"column":0},"end":{"line":18,"column":28}},"18":{"start":{"line":19,"column":0},"end":{"line":19,"column":51}},"19":{"start":{"line":20,"column":0},"end":{"line":20,"column":29}},"20":{"start":{"line":21,"column":0},"end":{"line":21,"column":30}},"21":{"start":{"line":22,"column":0},"end":{"line":22,"column":35}},"22":{"start":{"line":23,"column":0},"end":{"line":23,"column":10}},"23":{"start":{"line":24,"column":0},"end":{"line":24,"column":0}},"24":{"start":{"line":25,"column":0},"end":{"line":25,"column":36}},"25":{"start":{"line":26,"column":0},"end":{"line":26,"column":27}},"26":{"start":{"line":27,"column":0},"end":{"line":27,"column":45}},"27":{"start":{"line":28,"column":0},"end":{"line":28,"column":54}},"28":{"start":{"line":29,"column":0},"end":{"line":29,"column":63}},"29":{"start":{"line":30,"column":0},"end":{"line":30,"column":14}},"30":{"start":{"line":31,"column":0},"end":{"line":31,"column":24}},"31":{"start":{"line":32,"column":0},"end":{"line":32,"column":56}},"32":{"start":{"line":33,"column":0},"end":{"line":33,"column":14}},"33":{"start":{"line":34,"column":0},"end":{"line":34,"column":19}},"34":{"start":{"line":35,"column":0},"end":{"line":35,"column":10}},"35":{"start":{"line":36,"column":0},"end":{"line":36,"column":7}},"36":{"start":{"line":37,"column":0},"end":{"line":37,"column":0}},"37":{"start":{"line":38,"column":0},"end":{"line":38,"column":22}},"38":{"start":{"line":39,"column":0},"end":{"line":39,"column":67}},"39":{"start":{"line":40,"column":0},"end":{"line":40,"column":64}},"40":{"start":{"line":41,"column":0},"end":{"line":41,"column":66}},"41":{"start":{"line":42,"column":0},"end":{"line":42,"column":0}},"42":{"start":{"line":43,"column":0},"end":{"line":43,"column":52}},"43":{"start":{"line":44,"column":0},"end":{"line":44,"column":80}},"44":{"start":{"line":45,"column":0},"end":{"line":45,"column":22}},"45":{"start":{"line":46,"column":0},"end":{"line":46,"column":46}},"46":{"start":{"line":47,"column":0},"end":{"line":47,"column":57}},"47":{"start":{"line":48,"column":0},"end":{"line":48,"column":9}},"48":{"start":{"line":49,"column":0},"end":{"line":49,"column":0}},"49":{"start":{"line":50,"column":0},"end":{"line":50,"column":92}},"50":{"start":{"line":51,"column":0},"end":{"line":51,"column":23}},"51":{"start":{"line":52,"column":0},"end":{"line":52,"column":48}},"52":{"start":{"line":53,"column":0},"end":{"line":53,"column":59}},"53":{"start":{"line":54,"column":0},"end":{"line":54,"column":9}},"54":{"start":{"line":55,"column":0},"end":{"line":55,"column":7}},"55":{"start":{"line":56,"column":0},"end":{"line":56,"column":0}},"56":{"start":{"line":57,"column":0},"end":{"line":57,"column":24}},"57":{"start":{"line":58,"column":0},"end":{"line":58,"column":73}},"58":{"start":{"line":59,"column":0},"end":{"line":59,"column":64}},"59":{"start":{"line":60,"column":0},"end":{"line":60,"column":63}},"60":{"start":{"line":61,"column":0},"end":{"line":61,"column":69}},"61":{"start":{"line":62,"column":0},"end":{"line":62,"column":0}},"62":{"start":{"line":63,"column":0},"end":{"line":63,"column":26}},"63":{"start":{"line":64,"column":0},"end":{"line":64,"column":83}},"64":{"start":{"line":65,"column":0},"end":{"line":65,"column":73}},"65":{"start":{"line":66,"column":0},"end":{"line":66,"column":68}},"66":{"start":{"line":67,"column":0},"end":{"line":67,"column":0}},"67":{"start":{"line":68,"column":0},"end":{"line":68,"column":53}},"68":{"start":{"line":69,"column":0},"end":{"line":69,"column":75}},"69":{"start":{"line":70,"column":0},"end":{"line":70,"column":65}},"70":{"start":{"line":71,"column":0},"end":{"line":71,"column":63}},"71":{"start":{"line":72,"column":0},"end":{"line":72,"column":0}},"72":{"start":{"line":73,"column":0},"end":{"line":73,"column":37}},"73":{"start":{"line":74,"column":0},"end":{"line":74,"column":37}},"74":{"start":{"line":75,"column":0},"end":{"line":75,"column":53}},"75":{"start":{"line":76,"column":0},"end":{"line":76,"column":16}},"76":{"start":{"line":77,"column":0},"end":{"line":77,"column":56}},"77":{"start":{"line":78,"column":0},"end":{"line":78,"column":9}},"78":{"start":{"line":79,"column":0},"end":{"line":79,"column":0}},"79":{"start":{"line":80,"column":0},"end":{"line":80,"column":37}},"80":{"start":{"line":81,"column":0},"end":{"line":81,"column":7}},"81":{"start":{"line":82,"column":0},"end":{"line":82,"column":0}},"82":{"start":{"line":83,"column":0},"end":{"line":83,"column":21}},"83":{"start":{"line":84,"column":0},"end":{"line":84,"column":71}},"84":{"start":{"line":85,"column":0},"end":{"line":85,"column":74}},"85":{"start":{"line":86,"column":0},"end":{"line":86,"column":64}},"86":{"start":{"line":87,"column":0},"end":{"line":87,"column":0}},"87":{"start":{"line":88,"column":0},"end":{"line":88,"column":23}},"88":{"start":{"line":89,"column":0},"end":{"line":89,"column":84}},"89":{"start":{"line":90,"column":0},"end":{"line":90,"column":83}},"90":{"start":{"line":91,"column":0},"end":{"line":91,"column":73}},"91":{"start":{"line":92,"column":0},"end":{"line":92,"column":0}},"92":{"start":{"line":93,"column":0},"end":{"line":93,"column":22}},"93":{"start":{"line":94,"column":0},"end":{"line":94,"column":56}},"94":{"start":{"line":95,"column":0},"end":{"line":95,"column":47}},"95":{"start":{"line":96,"column":0},"end":{"line":96,"column":65}},"96":{"start":{"line":97,"column":0},"end":{"line":97,"column":34}},"97":{"start":{"line":98,"column":0},"end":{"line":98,"column":33}},"98":{"start":{"line":99,"column":0},"end":{"line":99,"column":37}},"99":{"start":{"line":100,"column":0},"end":{"line":100,"column":48}},"100":{"start":{"line":101,"column":0},"end":{"line":101,"column":9}},"101":{"start":{"line":102,"column":0},"end":{"line":102,"column":7}},"102":{"start":{"line":103,"column":0},"end":{"line":103,"column":0}},"103":{"start":{"line":104,"column":0},"end":{"line":104,"column":30}},"104":{"start":{"line":105,"column":0},"end":{"line":105,"column":60}},"105":{"start":{"line":106,"column":0},"end":{"line":106,"column":58}},"106":{"start":{"line":107,"column":0},"end":{"line":107,"column":60}},"107":{"start":{"line":108,"column":0},"end":{"line":108,"column":0}},"108":{"start":{"line":109,"column":0},"end":{"line":109,"column":51}},"109":{"start":{"line":110,"column":0},"end":{"line":110,"column":55}},"110":{"start":{"line":111,"column":0},"end":{"line":111,"column":58}},"111":{"start":{"line":112,"column":0},"end":{"line":112,"column":0}},"112":{"start":{"line":113,"column":0},"end":{"line":113,"column":25}},"113":{"start":{"line":114,"column":0},"end":{"line":114,"column":51}},"114":{"start":{"line":115,"column":0},"end":{"line":115,"column":44}},"115":{"start":{"line":116,"column":0},"end":{"line":116,"column":14}},"116":{"start":{"line":117,"column":0},"end":{"line":117,"column":1}},"117":{"start":{"line":118,"column":0},"end":{"line":118,"column":0}},"118":{"start":{"line":119,"column":0},"end":{"line":119,"column":41}},"119":{"start":{"line":120,"column":0},"end":{"line":120,"column":31}},"120":{"start":{"line":121,"column":0},"end":{"line":121,"column":66}},"121":{"start":{"line":122,"column":0},"end":{"line":122,"column":64}},"122":{"start":{"line":123,"column":0},"end":{"line":123,"column":4}},"123":{"start":{"line":124,"column":0},"end":{"line":124,"column":48}},"124":{"start":{"line":125,"column":0},"end":{"line":125,"column":53}},"125":{"start":{"line":126,"column":0},"end":{"line":126,"column":4}},"126":{"start":{"line":127,"column":0},"end":{"line":127,"column":35}},"127":{"start":{"line":128,"column":0},"end":{"line":128,"column":60}},"128":{"start":{"line":129,"column":0},"end":{"line":129,"column":57}},"129":{"start":{"line":130,"column":0},"end":{"line":130,"column":59}},"130":{"start":{"line":131,"column":0},"end":{"line":131,"column":48}},"131":{"start":{"line":132,"column":0},"end":{"line":132,"column":34}},"132":{"start":{"line":133,"column":0},"end":{"line":133,"column":7}},"133":{"start":{"line":134,"column":0},"end":{"line":134,"column":1}},"134":{"start":{"line":135,"column":0},"end":{"line":135,"column":0}},"135":{"start":{"line":136,"column":0},"end":{"line":136,"column":47}},"136":{"start":{"line":137,"column":0},"end":{"line":137,"column":58}},"137":{"start":{"line":138,"column":0},"end":{"line":138,"column":25}},"138":{"start":{"line":139,"column":0},"end":{"line":139,"column":28}},"139":{"start":{"line":140,"column":0},"end":{"line":140,"column":3}}},"s":{"0":0,"1":0,"2":0,"3":0,"4":0,"5":0,"6":0,"7":0,"8":0,"9":0,"10":0,"11":0,"12":0,"13":0,"14":0,"15":0,"16":0,"17":0,"18":0,"19":0,"20":0,"21":0,"22":0,"23":0,"24":0,"25":0,"26":0,"27":0,"28":0,"29":0,"30":0,"31":0,"32":0,"33":0,"34":0,"35":0,"36":0,"37":0,"38":0,"39":0,"40":0,"41":0,"42":0,"43":0,"44":0,"45":0,"46":0,"47":0,"48":0,"49":0,"50":0,"51":0,"52":0,"53":0,"54":0,"55":0,"56":0,"57":0,"58":0,"59":0,"60":0,"61":0,"62":0,"63":0,"64":0,"65":0,"66":0,"67":0,"68":0,"69":0,"70":0,"71":0,"72":0,"73":0,"74":0,"75":0,"76":0,"77":0,"78":0,"79":0,"80":0,"81":0,"82":0,"83":0,"84":0,"85":0,"86":0,"87":0,"88":0,"89":0,"90":0,"91":0,"92":0,"93":0,"94":0,"95":0,"96":0,"97":0,"98":0,"99":0,"100":0,"101":0,"102":0,"103":0,"104":0,"105":0,"106":0,"107":0,"108":0,"109":0,"110":0,"111":0,"112":0,"113":0,"114":0,"115":0,"116":0,"117":0,"118":0,"119":0,"120":0,"121":0,"122":0,"123":0,"124":0,"125":0,"126":0,"127":0,"128":0,"129":0,"130":0,"131":0,"132":0,"133":0,"134":0,"135":0,"136":0,"137":0,"138":0,"139":0},"branchMap":{"0":{"type":"branch","line":1,"loc":{"start":{"line":1,"column":0},"end":{"line":140,"column":3}},"locations":[{"start":{"line":1,"column":0},"end":{"line":140,"column":3}}]}},"b":{"0":[0]},"fnMap":{"0":{"name":"(empty-report)","decl":{"start":{"line":1,"column":0},"end":{"line":140,"column":3}},"loc":{"start":{"line":1,"column":0},"end":{"line":140,"column":3}},"line":1}},"f":{"0":0}}
,"C:\\Users\\semih\\OneDrive\\Masaüstü\\ss\\StudyBuddy\\www\\js\\theme.js": {"path":"C:\\Users\\semih\\OneDrive\\Masaüstü\\ss\\StudyBuddy\\www\\js\\theme.js","all":true,"statementMap":{"0":{"start":{"line":1,"column":0},"end":{"line":1,"column":29}},"1":{"start":{"line":2,"column":0},"end":{"line":2,"column":24}},"2":{"start":{"line":3,"column":0},"end":{"line":3,"column":31}},"3":{"start":{"line":4,"column":0},"end":{"line":4,"column":57}},"4":{"start":{"line":5,"column":0},"end":{"line":5,"column":64}},"5":{"start":{"line":6,"column":0},"end":{"line":6,"column":4}},"6":{"start":{"line":7,"column":0},"end":{"line":7,"column":32}},"7":{"start":{"line":8,"column":0},"end":{"line":8,"column":46}},"8":{"start":{"line":9,"column":0},"end":{"line":9,"column":4}},"9":{"start":{"line":10,"column":0},"end":{"line":10,"column":43}},"10":{"start":{"line":11,"column":0},"end":{"line":11,"column":44}},"11":{"start":{"line":12,"column":0},"end":{"line":12,"column":4}},"12":{"start":{"line":13,"column":0},"end":{"line":13,"column":49}},"13":{"start":{"line":14,"column":0},"end":{"line":14,"column":30}},"14":{"start":{"line":15,"column":0},"end":{"line":15,"column":1}},"15":{"start":{"line":16,"column":0},"end":{"line":16,"column":0}},"16":{"start":{"line":17,"column":0},"end":{"line":17,"column":37}},"17":{"start":{"line":18,"column":0},"end":{"line":18,"column":33}},"18":{"start":{"line":19,"column":0},"end":{"line":19,"column":64}},"19":{"start":{"line":20,"column":0},"end":{"line":20,"column":22}},"20":{"start":{"line":21,"column":0},"end":{"line":21,"column":63}},"21":{"start":{"line":22,"column":0},"end":{"line":22,"column":5}},"22":{"start":{"line":23,"column":0},"end":{"line":23,"column":1}},"23":{"start":{"line":24,"column":0},"end":{"line":24,"column":0}},"24":{"start":{"line":25,"column":0},"end":{"line":25,"column":58}},"25":{"start":{"line":26,"column":0},"end":{"line":26,"column":53}},"26":{"start":{"line":27,"column":0},"end":{"line":27,"column":39}},"27":{"start":{"line":28,"column":0},"end":{"line":28,"column":57}},"28":{"start":{"line":29,"column":0},"end":{"line":29,"column":43}},"29":{"start":{"line":30,"column":0},"end":{"line":30,"column":60}},"30":{"start":{"line":31,"column":0},"end":{"line":31,"column":43}},"31":{"start":{"line":32,"column":0},"end":{"line":32,"column":4}},"32":{"start":{"line":33,"column":0},"end":{"line":33,"column":44}},"33":{"start":{"line":34,"column":0},"end":{"line":34,"column":64}},"34":{"start":{"line":35,"column":0},"end":{"line":35,"column":57}},"35":{"start":{"line":36,"column":0},"end":{"line":36,"column":32}},"36":{"start":{"line":37,"column":0},"end":{"line":37,"column":4}},"37":{"start":{"line":38,"column":0},"end":{"line":38,"column":50}},"38":{"start":{"line":39,"column":0},"end":{"line":39,"column":55}},"39":{"start":{"line":40,"column":0},"end":{"line":40,"column":0}},"40":{"start":{"line":41,"column":0},"end":{"line":41,"column":58}},"41":{"start":{"line":42,"column":0},"end":{"line":42,"column":66}},"42":{"start":{"line":43,"column":0},"end":{"line":43,"column":27}},"43":{"start":{"line":44,"column":0},"end":{"line":44,"column":57}},"44":{"start":{"line":45,"column":0},"end":{"line":45,"column":5}},"45":{"start":{"line":46,"column":0},"end":{"line":46,"column":3}}},"s":{"0":0,"1":0,"2":0,"3":0,"4":0,"5":0,"6":0,"7":0,"8":0,"9":0,"10":0,"11":0,"12":0,"13":0,"14":0,"15":0,"16":0,"17":0,"18":0,"19":0,"20":0,"21":0,"22":0,"23":0,"24":0,"25":0,"26":0,"27":0,"28":0,"29":0,"30":0,"31":0,"32":0,"33":0,"34":0,"35":0,"36":0,"37":0,"38":0,"39":0,"40":0,"41":0,"42":0,"43":0,"44":0,"45":0},"branchMap":{"0":{"type":"branch","line":1,"loc":{"start":{"line":1,"column":0},"end":{"line":46,"column":3}},"locations":[{"start":{"line":1,"column":0},"end":{"line":46,"column":3}}]}},"b":{"0":[0]},"fnMap":{"0":{"name":"(empty-report)","decl":{"start":{"line":1,"column":0},"end":{"line":46,"column":3}},"loc":{"start":{"line":1,"column":0},"end":{"line":46,"column":3}},"line":1}},"f":{"0":0}}
,"C:\\Users\\semih\\OneDrive\\Masaüstü\\ss\\src\\main.tsx": {"path":"C:\\Users\\semih\\OneDrive\\Masaüstü\\ss\\src\\main.tsx","all":true,"statementMap":{"0":{"start":{"line":1,"column":0},"end":{"line":1,"column":35}},"1":{"start":{"line":2,"column":0},"end":{"line":2,"column":46}},"2":{"start":{"line":3,"column":0},"end":{"line":3,"column":28}},"3":{"start":{"line":4,"column":0},"end":{"line":4,"column":21}},"4":{"start":{"line":5,"column":0},"end":{"line":5,"column":0}},"5":{"start":{"line":6,"column":0},"end":{"line":6,"column":52}},"6":{"start":{"line":7,"column":0},"end":{"line":7,"column":14}},"7":{"start":{"line":8,"column":0},"end":{"line":8,"column":11}},"8":{"start":{"line":9,"column":0},"end":{"line":9,"column":15}},"9":{"start":{"line":10,"column":0},"end":{"line":10,"column":2}}},"s":{"0":0,"1":0,"2":0,"3":0,"4":0,"5":0,"6":0,"7":0,"8":0,"9":0},"branchMap":{"0":{"type":"branch","line":1,"loc":{"start":{"line":1,"column":0},"end":{"line":10,"column":2}},"locations":[{"start":{"line":1,"column":0},"end":{"line":10,"column":2}}]}},"b":{"0":[0]},"fnMap":{"0":{"name":"(empty-report)","decl":{"start":{"line":1,"column":0},"end":{"line":10,"column":2}},"loc":{"start":{"line":1,"column":0},"end":{"line":10,"column":2}},"line":1}},"f":{"0":0}}
}
